<?xml version="1.0" encoding="utf-8"?>
<CoverageSession xmlns:xsd="http://www.w3.org/2001/XMLSchema" xmlns:xsi="http://www.w3.org/2001/XMLSchema-instance">
  <Summary numSequencePoints="191" visitedSequencePoints="50" numBranchPoints="74" visitedBranchPoints="19" sequenceCoverage="26.18" branchCoverage="25.68" maxCyclomaticComplexity="4" minCyclomaticComplexity="1" />
  <Modules>
    <Module skippedDueTo="Filter" hash="B8-B5-2E-7E-34-97-29-CA-77-E0-D3-F9-3F-72-2B-1B-B6-4A-87-98">
      <FullName>C:\WINDOWS\Microsoft.Net\assembly\GAC_64\mscorlib\v4.0_4.0.0.0__b77a5c561934e089\mscorlib.dll</FullName>
      <ModuleName>mscorlib</ModuleName>
      <Classes />
    </Module>
    <Module skippedDueTo="Filter" hash="E9-B5-54-19-9A-07-9C-4A-1A-C0-D9-47-E6-4A-28-9B-05-47-56-65">
      <FullName>C:\SolTech\Lunch and Learns\Effective Unit Testing\UnitTestDemo\packages\xunit.runners.2.0.0-rc3-build2880\tools\xunit.console.exe</FullName>
      <ModuleName>xunit.console</ModuleName>
      <Classes />
    </Module>
    <Module skippedDueTo="Filter" hash="5C-B2-BB-78-8C-D9-05-98-30-A0-10-0A-E3-B2-1B-10-01-CC-D0-7F">
      <FullName>C:\SolTech\Lunch and Learns\Effective Unit Testing\UnitTestDemo\packages\xunit.runners.2.0.0-rc3-build2880\tools\xunit.runner.utility.desktop.dll</FullName>
      <ModuleName>xunit.runner.utility.desktop</ModuleName>
      <Classes />
    </Module>
    <Module skippedDueTo="Filter" hash="04-DF-13-16-0B-F4-57-A9-D9-9C-5A-63-DC-51-CD-BF-FD-3A-AF-DA">
      <FullName>C:\WINDOWS\Microsoft.Net\assembly\GAC_MSIL\System\v4.0_4.0.0.0__b77a5c561934e089\System.dll</FullName>
      <ModuleName>System</ModuleName>
      <Classes />
    </Module>
    <Module skippedDueTo="Filter" hash="43-0F-9E-14-71-13-7F-E2-26-11-26-04-62-4A-0E-92-1F-0F-04-20">
      <FullName>C:\WINDOWS\Microsoft.Net\assembly\GAC_MSIL\System.Core\v4.0_4.0.0.0__b77a5c561934e089\System.Core.dll</FullName>
      <ModuleName>System.Core</ModuleName>
      <Classes />
    </Module>
    <Module skippedDueTo="Filter" hash="DF-4A-DE-40-BE-24-D6-36-12-5C-3E-21-0D-59-5D-93-07-87-C1-6D">
      <FullName>C:\WINDOWS\Microsoft.Net\assembly\GAC_MSIL\System.Xml.Linq\v4.0_4.0.0.0__b77a5c561934e089\System.Xml.Linq.dll</FullName>
      <ModuleName>System.Xml.Linq</ModuleName>
      <Classes />
    </Module>
    <Module skippedDueTo="Filter" hash="2C-B8-8B-0E-27-14-38-8E-71-A5-1D-A0-EE-33-D9-22-5F-A4-AF-79">
      <FullName>C:\WINDOWS\Microsoft.Net\assembly\GAC_MSIL\System.Xml\v4.0_4.0.0.0__b77a5c561934e089\System.Xml.dll</FullName>
      <ModuleName>System.Xml</ModuleName>
      <Classes />
    </Module>
    <Module skippedDueTo="Filter" hash="B6-60-CE-70-25-03-8E-12-F0-FF-EB-DA-C8-94-AA-A9-02-DE-71-07">
      <FullName>C:\WINDOWS\Microsoft.Net\assembly\GAC_MSIL\System.Configuration\v4.0_4.0.0.0__b03f5f7f11d50a3a\System.Configuration.dll</FullName>
      <ModuleName>System.Configuration</ModuleName>
      <Classes />
    </Module>
    <Module skippedDueTo="Filter" hash="F9-E1-17-9C-B0-53-AF-C4-8D-85-5C-70-04-86-46-5C-B6-AF-0A-FB">
      <FullName>C:\SolTech\Lunch and Learns\Effective Unit Testing\UnitTestDemo\packages\xunit.runners.2.0.0-rc3-build2880\tools\xunit.abstractions.dll</FullName>
      <ModuleName>xunit.abstractions</ModuleName>
      <Classes />
    </Module>
    <Module skippedDueTo="Filter" hash="C4-1C-EF-C1-68-A7-81-E7-D7-C2-14-6C-B0-71-EA-1E-D2-8A-C4-87">
      <FullName>C:\WINDOWS\Microsoft.Net\assembly\GAC_MSIL\System.Runtime\v4.0_4.0.0.0__b03f5f7f11d50a3a\System.Runtime.dll</FullName>
      <ModuleName>System.Runtime</ModuleName>
      <Classes />
    </Module>
    <Module skippedDueTo="Filter" hash="5C-B2-BB-78-8C-D9-05-98-30-A0-10-0A-E3-B2-1B-10-01-CC-D0-7F">
      <FullName>C:\Users\ahopper\AppData\Local\Temp\5ba06b05-e807-4ec4-b671-e6f2d8aca55f\5ba06b05-e807-4ec4-b671-e6f2d8aca55f\assembly\dl3\83b90a5d\7f70c8ef_0a51d001\xunit.runner.utility.desktop.dll</FullName>
      <ModuleName>xunit.runner.utility.desktop</ModuleName>
      <Classes />
    </Module>
    <Module skippedDueTo="Filter" hash="43-0F-9E-14-71-13-7F-E2-26-11-26-04-62-4A-0E-92-1F-0F-04-20">
      <FullName>C:\WINDOWS\Microsoft.Net\assembly\GAC_MSIL\System.Core\v4.0_4.0.0.0__b77a5c561934e089\System.Core.dll</FullName>
      <ModuleName>System.Core</ModuleName>
      <Classes />
    </Module>
    <Module skippedDueTo="Filter" hash="04-DF-13-16-0B-F4-57-A9-D9-9C-5A-63-DC-51-CD-BF-FD-3A-AF-DA">
      <FullName>C:\WINDOWS\Microsoft.Net\assembly\GAC_MSIL\System\v4.0_4.0.0.0__b77a5c561934e089\System.dll</FullName>
      <ModuleName>System</ModuleName>
      <Classes />
    </Module>
    <Module skippedDueTo="MissingPdb" hash="">
      <FullName>RefEmit_InMemoryManifestModule</FullName>
      <ModuleName>Anonymously Hosted DynamicMethods Assembly</ModuleName>
      <Classes />
    </Module>
    <Module skippedDueTo="Filter" hash="49-97-FB-CD-E1-FC-90-12-49-25-31-F6-B1-EC-47-60-25-1D-EC-39">
      <FullName>C:\SolTech\Lunch and Learns\Effective Unit Testing\UnitTestDemo\bin\Debug\UnitTestDemo.dll</FullName>
      <ModuleName>UnitTestDemo</ModuleName>
      <Classes />
    </Module>
    <Module skippedDueTo="Filter" hash="EC-FF-9D-4B-0C-AE-7A-3C-63-A6-9E-91-68-0A-BA-A4-D2-4E-03-EE">
      <FullName>C:\WINDOWS\Microsoft.Net\assembly\GAC_MSIL\System.Reflection\v4.0_4.0.0.0__b03f5f7f11d50a3a\System.Reflection.dll</FullName>
      <ModuleName>System.Reflection</ModuleName>
      <Classes />
    </Module>
    <Module skippedDueTo="Filter" hash="AE-B5-9C-51-DA-01-31-53-EC-AF-E9-01-E1-36-6D-4F-1B-1F-C8-27">
      <FullName>C:\SolTech\Lunch and Learns\Effective Unit Testing\UnitTestDemo\bin\Debug\xunit.execution.desktop.dll</FullName>
      <ModuleName>xunit.execution.desktop</ModuleName>
      <Classes />
    </Module>
    <Module skippedDueTo="Filter" hash="3D-F0-09-61-DB-D2-A3-3A-DC-BB-CD-F8-A2-62-BE-EF-82-FE-31-FB">
      <FullName>C:\SolTech\Lunch and Learns\Effective Unit Testing\UnitTestDemo\bin\Debug\xunit.abstractions.dll</FullName>
      <ModuleName>xunit.abstractions</ModuleName>
      <Classes />
    </Module>
    <Module skippedDueTo="Filter" hash="04-DF-13-16-0B-F4-57-A9-D9-9C-5A-63-DC-51-CD-BF-FD-3A-AF-DA">
      <FullName>C:\WINDOWS\Microsoft.Net\assembly\GAC_MSIL\System\v4.0_4.0.0.0__b77a5c561934e089\System.dll</FullName>
      <ModuleName>System</ModuleName>
      <Classes />
    </Module>
    <Module skippedDueTo="Filter" hash="49-97-FB-CD-E1-FC-90-12-49-25-31-F6-B1-EC-47-60-25-1D-EC-39">
      <FullName>C:\SolTech\Lunch and Learns\Effective Unit Testing\UnitTestDemo\bin\Debug\UnitTestDemo.dll</FullName>
      <ModuleName>UnitTestDemo</ModuleName>
      <Classes />
    </Module>
    <Module skippedDueTo="Filter" hash="5C-B2-BB-78-8C-D9-05-98-30-A0-10-0A-E3-B2-1B-10-01-CC-D0-7F">
      <FullName>C:\SolTech\Lunch and Learns\Effective Unit Testing\UnitTestDemo\bin\Debug\xunit.runner.utility.desktop.dll</FullName>
      <ModuleName>xunit.runner.utility.desktop</ModuleName>
      <Classes />
    </Module>
    <Module skippedDueTo="Filter" hash="6B-13-18-BD-35-17-49-36-DB-CC-CA-41-21-AD-4D-E8-A7-9A-1C-9A">
      <FullName>C:\SolTech\Lunch and Learns\Effective Unit Testing\UnitTestDemo\bin\Debug\xunit.core.dll</FullName>
      <ModuleName>xunit.core</ModuleName>
      <Classes />
    </Module>
    <Module skippedDueTo="Filter" hash="43-0F-9E-14-71-13-7F-E2-26-11-26-04-62-4A-0E-92-1F-0F-04-20">
      <FullName>C:\WINDOWS\Microsoft.Net\assembly\GAC_MSIL\System.Core\v4.0_4.0.0.0__b77a5c561934e089\System.Core.dll</FullName>
      <ModuleName>System.Core</ModuleName>
      <Classes />
    </Module>
    <Module skippedDueTo="Filter" hash="C4-1C-EF-C1-68-A7-81-E7-D7-C2-14-6C-B0-71-EA-1E-D2-8A-C4-87">
      <FullName>C:\WINDOWS\Microsoft.Net\assembly\GAC_MSIL\System.Runtime\v4.0_4.0.0.0__b03f5f7f11d50a3a\System.Runtime.dll</FullName>
      <ModuleName>System.Runtime</ModuleName>
      <Classes />
    </Module>
    <Module skippedDueTo="Filter" hash="27-0A-97-DD-A0-B2-35-29-E2-FC-54-09-5F-DD-E0-F6-7A-D7-02-7D">
      <FullName>C:\WINDOWS\Microsoft.Net\assembly\GAC_MSIL\System.Threading.Tasks\v4.0_4.0.0.0__b03f5f7f11d50a3a\System.Threading.Tasks.dll</FullName>
      <ModuleName>System.Threading.Tasks</ModuleName>
      <Classes />
    </Module>
    <Module skippedDueTo="Filter" hash="46-D9-0E-7C-F3-A5-60-14-68-5C-FC-D9-F5-6C-61-55-5D-E0-B5-EE">
      <FullName>C:\WINDOWS\Microsoft.Net\assembly\GAC_MSIL\System.Collections\v4.0_4.0.0.0__b03f5f7f11d50a3a\System.Collections.dll</FullName>
      <ModuleName>System.Collections</ModuleName>
      <Classes />
    </Module>
    <Module skippedDueTo="Filter" hash="46-D9-0E-7C-F3-A5-60-14-68-5C-FC-D9-F5-6C-61-55-5D-E0-B5-EE">
      <FullName>C:\WINDOWS\Microsoft.Net\assembly\GAC_MSIL\System.Collections\v4.0_4.0.0.0__b03f5f7f11d50a3a\System.Collections.dll</FullName>
      <ModuleName>System.Collections</ModuleName>
      <Classes />
    </Module>
    <Module hash="9A-47-80-C9-DB-0A-F6-42-52-29-63-6C-AA-73-0F-64-69-A0-3E-60">
      <Summary numSequencePoints="12" visitedSequencePoints="12" numBranchPoints="5" visitedBranchPoints="5" sequenceCoverage="100" branchCoverage="100" maxCyclomaticComplexity="3" minCyclomaticComplexity="1" />
      <FullName>C:\SolTech\Lunch and Learns\Effective Unit Testing\UnitTestDemo\bin\Debug\Common.dll</FullName>
      <ModuleName>Common</ModuleName>
      <Files>
        <File uid="1" fullPath="c:\SolTech\Lunch and Learns\Effective Unit Testing\UnitTestDemo\Common\Models\MyObject.cs" />
      </Files>
      <Classes>
        <Class>
          <Summary numSequencePoints="0" visitedSequencePoints="0" numBranchPoints="0" visitedBranchPoints="0" sequenceCoverage="0" branchCoverage="0" maxCyclomaticComplexity="0" minCyclomaticComplexity="0" />
          <FullName>&lt;Module&gt;</FullName>
          <Methods />
        </Class>
        <Class>
          <Summary numSequencePoints="12" visitedSequencePoints="12" numBranchPoints="5" visitedBranchPoints="5" sequenceCoverage="100" branchCoverage="100" maxCyclomaticComplexity="3" minCyclomaticComplexity="1" />
          <FullName>SolTech.Demos.UnitTesting.MyObject</FullName>
          <Methods>
            <Method visited="true" cyclomaticComplexity="1" sequenceCoverage="0" branchCoverage="0" isConstructor="false" isStatic="false" isGetter="true" isSetter="false">
              <Summary numSequencePoints="0" visitedSequencePoints="0" numBranchPoints="0" visitedBranchPoints="0" sequenceCoverage="0" branchCoverage="0" maxCyclomaticComplexity="1" minCyclomaticComplexity="1" />
              <MetadataToken>100663307</MetadataToken>
              <Name>System.Guid SolTech.Demos.UnitTesting.MyObject::get_Id()</Name>
              <SequencePoints />
              <BranchPoints />
              <MethodPoint vc="9" uspid="1" ordinal="0" offset="0" />
            </Method>
            <Method visited="true" cyclomaticComplexity="1" sequenceCoverage="0" branchCoverage="0" isConstructor="false" isStatic="false" isGetter="false" isSetter="true">
              <Summary numSequencePoints="0" visitedSequencePoints="0" numBranchPoints="0" visitedBranchPoints="0" sequenceCoverage="0" branchCoverage="0" maxCyclomaticComplexity="1" minCyclomaticComplexity="1" />
              <MetadataToken>100663308</MetadataToken>
              <Name>System.Void SolTech.Demos.UnitTesting.MyObject::set_Id(System.Guid)</Name>
              <SequencePoints />
              <BranchPoints />
              <MethodPoint vc="6" uspid="2" ordinal="0" offset="0" />
            </Method>
            <Method visited="true" cyclomaticComplexity="1" sequenceCoverage="0" branchCoverage="0" isConstructor="false" isStatic="false" isGetter="true" isSetter="false">
              <Summary numSequencePoints="0" visitedSequencePoints="0" numBranchPoints="0" visitedBranchPoints="0" sequenceCoverage="0" branchCoverage="0" maxCyclomaticComplexity="1" minCyclomaticComplexity="1" />
              <MetadataToken>100663309</MetadataToken>
              <Name>System.String SolTech.Demos.UnitTesting.MyObject::get_Name()</Name>
              <SequencePoints />
              <BranchPoints />
              <MethodPoint vc="8" uspid="3" ordinal="0" offset="0" />
            </Method>
            <Method visited="true" cyclomaticComplexity="1" sequenceCoverage="0" branchCoverage="0" isConstructor="false" isStatic="false" isGetter="false" isSetter="true">
              <Summary numSequencePoints="0" visitedSequencePoints="0" numBranchPoints="0" visitedBranchPoints="0" sequenceCoverage="0" branchCoverage="0" maxCyclomaticComplexity="1" minCyclomaticComplexity="1" />
              <MetadataToken>100663310</MetadataToken>
              <Name>System.Void SolTech.Demos.UnitTesting.MyObject::set_Name(System.String)</Name>
              <SequencePoints />
              <BranchPoints />
              <MethodPoint vc="6" uspid="4" ordinal="0" offset="0" />
            </Method>
            <Method visited="true" cyclomaticComplexity="1" sequenceCoverage="0" branchCoverage="0" isConstructor="false" isStatic="false" isGetter="true" isSetter="false">
              <Summary numSequencePoints="0" visitedSequencePoints="0" numBranchPoints="0" visitedBranchPoints="0" sequenceCoverage="0" branchCoverage="0" maxCyclomaticComplexity="1" minCyclomaticComplexity="1" />
              <MetadataToken>100663311</MetadataToken>
              <Name>System.DateTime SolTech.Demos.UnitTesting.MyObject::get_Created()</Name>
              <SequencePoints />
              <BranchPoints />
              <MethodPoint vc="6" uspid="5" ordinal="0" offset="0" />
            </Method>
            <Method visited="true" cyclomaticComplexity="1" sequenceCoverage="0" branchCoverage="0" isConstructor="false" isStatic="false" isGetter="false" isSetter="true">
              <Summary numSequencePoints="0" visitedSequencePoints="0" numBranchPoints="0" visitedBranchPoints="0" sequenceCoverage="0" branchCoverage="0" maxCyclomaticComplexity="1" minCyclomaticComplexity="1" />
              <MetadataToken>100663312</MetadataToken>
              <Name>System.Void SolTech.Demos.UnitTesting.MyObject::set_Created(System.DateTime)</Name>
              <SequencePoints />
              <BranchPoints />
              <MethodPoint vc="8" uspid="6" ordinal="0" offset="0" />
            </Method>
            <Method visited="true" cyclomaticComplexity="3" sequenceCoverage="100" branchCoverage="100" isConstructor="false" isStatic="false" isGetter="false" isSetter="false">
              <Summary numSequencePoints="12" visitedSequencePoints="12" numBranchPoints="5" visitedBranchPoints="5" sequenceCoverage="100" branchCoverage="100" maxCyclomaticComplexity="3" minCyclomaticComplexity="3" />
              <MetadataToken>100663313</MetadataToken>
              <Name>System.Collections.Generic.IEnumerable`1&lt;System.ComponentModel.DataAnnotations.ValidationResult&gt; SolTech.Demos.UnitTesting.MyObject::Validate(System.ComponentModel.DataAnnotations.ValidationContext)</Name>
              <FileRef uid="1" />
              <SequencePoints>
                <SequencePoint vc="4" uspid="7" ordinal="0" offset="0" sl="15" sc="9" el="15" ec="10" bec="0" bev="0" fileid="1" />
                <SequencePoint vc="4" uspid="8" ordinal="1" offset="1" sl="16" sc="13" el="16" ec="76" bec="0" bev="0" fileid="1" />
                <SequencePoint vc="4" uspid="9" ordinal="2" offset="7" sl="18" sc="13" el="18" ec="34" bec="2" bev="2" fileid="1" />
                <SequencePoint vc="1" uspid="10" ordinal="3" offset="30" sl="19" sc="13" el="19" ec="14" bec="0" bev="0" fileid="1" />
                <SequencePoint vc="1" uspid="11" ordinal="4" offset="31" sl="20" sc="17" el="20" ec="84" bec="0" bev="0" fileid="1" />
                <SequencePoint vc="1" uspid="12" ordinal="5" offset="48" sl="21" sc="13" el="21" ec="14" bec="0" bev="0" fileid="1" />
                <SequencePoint vc="4" uspid="13" ordinal="6" offset="49" sl="22" sc="13" el="22" ec="40" bec="2" bev="2" fileid="1" />
                <SequencePoint vc="1" uspid="14" ordinal="7" offset="72" sl="23" sc="13" el="23" ec="14" bec="0" bev="0" fileid="1" />
                <SequencePoint vc="1" uspid="15" ordinal="8" offset="73" sl="24" sc="17" el="24" ec="95" bec="0" bev="0" fileid="1" />
                <SequencePoint vc="1" uspid="16" ordinal="9" offset="90" sl="25" sc="13" el="25" ec="14" bec="0" bev="0" fileid="1" />
                <SequencePoint vc="4" uspid="17" ordinal="10" offset="91" sl="27" sc="13" el="27" ec="28" bec="0" bev="0" fileid="1" />
                <SequencePoint vc="4" uspid="18" ordinal="11" offset="95" sl="28" sc="9" el="28" ec="10" bec="0" bev="0" fileid="1" />
              </SequencePoints>
              <BranchPoints>
                <BranchPoint vc="1" uspid="19" ordinal="0" offset="28" sl="18" path="0" offsetend="30" fileid="1" />
                <BranchPoint vc="3" uspid="20" ordinal="1" offset="28" sl="18" path="1" offsetend="49" fileid="1" />
                <BranchPoint vc="1" uspid="21" ordinal="2" offset="70" sl="22" path="0" offsetend="72" fileid="1" />
                <BranchPoint vc="3" uspid="22" ordinal="3" offset="70" sl="22" path="1" offsetend="91" fileid="1" />
              </BranchPoints>
              <MethodPoint xsi:type="SequencePoint" vc="4" uspid="7" ordinal="0" offset="0" sl="15" sc="9" el="15" ec="10" bec="0" bev="0" fileid="1" />
            </Method>
            <Method visited="true" cyclomaticComplexity="1" sequenceCoverage="0" branchCoverage="0" isConstructor="true" isStatic="false" isGetter="false" isSetter="false">
              <Summary numSequencePoints="0" visitedSequencePoints="0" numBranchPoints="0" visitedBranchPoints="0" sequenceCoverage="0" branchCoverage="0" maxCyclomaticComplexity="1" minCyclomaticComplexity="1" />
              <MetadataToken>100663314</MetadataToken>
              <Name>System.Void SolTech.Demos.UnitTesting.MyObject::.ctor()</Name>
              <SequencePoints />
              <BranchPoints />
              <MethodPoint vc="6" uspid="23" ordinal="0" offset="0" />
            </Method>
          </Methods>
        </Class>
      </Classes>
    </Module>
    <Module skippedDueTo="MissingPdb" hash="A7-EF-7A-1F-6F-D3-D5-89-6E-CA-4E-26-8A-01-36-70-69-5C-D6-EE">
      <FullName>C:\SolTech\Lunch and Learns\Effective Unit Testing\UnitTestDemo\bin\Debug\Moq.dll</FullName>
      <ModuleName>Moq</ModuleName>
      <Classes />
    </Module>
    <Module skippedDueTo="Filter" hash="4E-D2-8F-C3-0E-6F-10-6F-88-54-0D-0E-B0-01-E8-F9-13-04-6A-11">
      <FullName>C:\WINDOWS\Microsoft.Net\assembly\GAC_MSIL\System.ComponentModel.DataAnnotations\v4.0_4.0.0.0__31bf3856ad364e35\System.ComponentModel.DataAnnotations.dll</FullName>
      <ModuleName>System.ComponentModel.DataAnnotations</ModuleName>
      <Classes />
    </Module>
    <Module hash="88-46-C9-8E-FA-F6-65-7D-8B-FE-24-1F-E1-CA-D1-00-D0-44-C6-5F">
      <Summary numSequencePoints="141" visitedSequencePoints="21" numBranchPoints="50" visitedBranchPoints="7" sequenceCoverage="14.89" branchCoverage="14" maxCyclomaticComplexity="4" minCyclomaticComplexity="1" />
      <FullName>C:\SolTech\Lunch and Learns\Effective Unit Testing\UnitTestDemo\bin\Debug\WebApplication.dll</FullName>
      <ModuleName>WebApplication</ModuleName>
      <Files>
        <File uid="3" fullPath="c:\SolTech\Lunch and Learns\Effective Unit Testing\UnitTestDemo\WebApplication\App_Start\BundleConfig.cs" />
        <File uid="4" fullPath="c:\SolTech\Lunch and Learns\Effective Unit Testing\UnitTestDemo\WebApplication\App_Start\FilterConfig.cs" />
        <File uid="5" fullPath="c:\SolTech\Lunch and Learns\Effective Unit Testing\UnitTestDemo\WebApplication\App_Start\IdentityConfig.cs" />
        <File uid="9" fullPath="c:\SolTech\Lunch and Learns\Effective Unit Testing\UnitTestDemo\WebApplication\App_Start\RouteConfig.cs" />
        <File uid="10" fullPath="c:\SolTech\Lunch and Learns\Effective Unit Testing\UnitTestDemo\WebApplication\App_Start\Startup.Auth.cs" />
        <File uid="11" fullPath="c:\SolTech\Lunch and Learns\Effective Unit Testing\UnitTestDemo\WebApplication\Startup.cs" />
        <File uid="12" fullPath="c:\SolTech\Lunch and Learns\Effective Unit Testing\UnitTestDemo\WebApplication\App_Start\UnityConfig.cs" />
        <File uid="13" fullPath="c:\SolTech\Lunch and Learns\Effective Unit Testing\UnitTestDemo\WebApplication\App_Start\UnityMvcActivator.cs" />
        <File uid="14" fullPath="c:\SolTech\Lunch and Learns\Effective Unit Testing\UnitTestDemo\WebApplication\Controllers\HomeController.cs" />
        <File uid="15" fullPath="c:\SolTech\Lunch and Learns\Effective Unit Testing\UnitTestDemo\WebApplication\Global.asax.cs" />
        <File uid="16" fullPath="c:\SolTech\Lunch and Learns\Effective Unit Testing\UnitTestDemo\WebApplication\Models\IdentityModels.cs" />
      </Files>
      <Classes>
        <Class>
          <Summary numSequencePoints="0" visitedSequencePoints="0" numBranchPoints="0" visitedBranchPoints="0" sequenceCoverage="0" branchCoverage="0" maxCyclomaticComplexity="0" minCyclomaticComplexity="0" />
          <FullName>&lt;Module&gt;</FullName>
          <Methods />
        </Class>
        <Class>
          <Summary numSequencePoints="7" visitedSequencePoints="0" numBranchPoints="1" visitedBranchPoints="0" sequenceCoverage="0" branchCoverage="0" maxCyclomaticComplexity="1" minCyclomaticComplexity="1" />
          <FullName>SolTech.Demos.UnitTesting.BundleConfig</FullName>
          <Methods>
            <Method visited="false" cyclomaticComplexity="1" sequenceCoverage="0" branchCoverage="0" isConstructor="false" isStatic="true" isGetter="false" isSetter="false">
              <Summary numSequencePoints="7" visitedSequencePoints="0" numBranchPoints="1" visitedBranchPoints="0" sequenceCoverage="0" branchCoverage="0" maxCyclomaticComplexity="1" minCyclomaticComplexity="1" />
              <MetadataToken>100663297</MetadataToken>
              <Name>System.Void SolTech.Demos.UnitTesting.BundleConfig::RegisterBundles(System.Web.Optimization.BundleCollection)</Name>
              <FileRef uid="3" />
              <SequencePoints>
                <SequencePoint vc="0" uspid="24" ordinal="0" offset="0" sl="10" sc="9" el="10" ec="10" bec="0" bev="0" fileid="3" />
                <SequencePoint vc="0" uspid="25" ordinal="1" offset="1" sl="11" sc="13" el="12" ec="59" bec="0" bev="0" fileid="3" />
                <SequencePoint vc="0" uspid="26" ordinal="2" offset="34" sl="14" sc="13" el="15" ec="56" bec="0" bev="0" fileid="3" />
                <SequencePoint vc="0" uspid="27" ordinal="3" offset="67" sl="19" sc="13" el="20" ec="51" bec="0" bev="0" fileid="3" />
                <SequencePoint vc="0" uspid="28" ordinal="4" offset="100" sl="22" sc="13" el="24" ec="48" bec="0" bev="0" fileid="3" />
                <SequencePoint vc="0" uspid="29" ordinal="5" offset="146" sl="26" sc="13" el="28" ec="46" bec="0" bev="0" fileid="3" />
                <SequencePoint vc="0" uspid="30" ordinal="6" offset="192" sl="29" sc="9" el="29" ec="10" bec="0" bev="0" fileid="3" />
              </SequencePoints>
              <BranchPoints />
              <MethodPoint xsi:type="SequencePoint" vc="0" uspid="24" ordinal="0" offset="0" sl="10" sc="9" el="10" ec="10" bec="0" bev="0" fileid="3" />
            </Method>
            <Method visited="false" cyclomaticComplexity="1" sequenceCoverage="0" branchCoverage="0" isConstructor="true" isStatic="false" isGetter="false" isSetter="false">
              <Summary numSequencePoints="0" visitedSequencePoints="0" numBranchPoints="0" visitedBranchPoints="0" sequenceCoverage="0" branchCoverage="0" maxCyclomaticComplexity="1" minCyclomaticComplexity="1" />
              <MetadataToken>100663298</MetadataToken>
              <Name>System.Void SolTech.Demos.UnitTesting.BundleConfig::.ctor()</Name>
              <SequencePoints />
              <BranchPoints />
              <MethodPoint vc="0" uspid="31" ordinal="0" offset="0" />
            </Method>
          </Methods>
        </Class>
        <Class>
          <Summary numSequencePoints="3" visitedSequencePoints="0" numBranchPoints="1" visitedBranchPoints="0" sequenceCoverage="0" branchCoverage="0" maxCyclomaticComplexity="1" minCyclomaticComplexity="1" />
          <FullName>SolTech.Demos.UnitTesting.FilterConfig</FullName>
          <Methods>
            <Method visited="false" cyclomaticComplexity="1" sequenceCoverage="0" branchCoverage="0" isConstructor="false" isStatic="true" isGetter="false" isSetter="false">
              <Summary numSequencePoints="3" visitedSequencePoints="0" numBranchPoints="1" visitedBranchPoints="0" sequenceCoverage="0" branchCoverage="0" maxCyclomaticComplexity="1" minCyclomaticComplexity="1" />
              <MetadataToken>100663299</MetadataToken>
              <Name>System.Void SolTech.Demos.UnitTesting.FilterConfig::RegisterGlobalFilters(System.Web.Mvc.GlobalFilterCollection)</Name>
              <FileRef uid="4" />
              <SequencePoints>
                <SequencePoint vc="0" uspid="32" ordinal="0" offset="0" sl="9" sc="9" el="9" ec="10" bec="0" bev="0" fileid="4" />
                <SequencePoint vc="0" uspid="33" ordinal="1" offset="1" sl="10" sc="13" el="10" ec="53" bec="0" bev="0" fileid="4" />
                <SequencePoint vc="0" uspid="34" ordinal="2" offset="13" sl="11" sc="9" el="11" ec="10" bec="0" bev="0" fileid="4" />
              </SequencePoints>
              <BranchPoints />
              <MethodPoint xsi:type="SequencePoint" vc="0" uspid="32" ordinal="0" offset="0" sl="9" sc="9" el="9" ec="10" bec="0" bev="0" fileid="4" />
            </Method>
            <Method visited="false" cyclomaticComplexity="1" sequenceCoverage="0" branchCoverage="0" isConstructor="true" isStatic="false" isGetter="false" isSetter="false">
              <Summary numSequencePoints="0" visitedSequencePoints="0" numBranchPoints="0" visitedBranchPoints="0" sequenceCoverage="0" branchCoverage="0" maxCyclomaticComplexity="1" minCyclomaticComplexity="1" />
              <MetadataToken>100663300</MetadataToken>
              <Name>System.Void SolTech.Demos.UnitTesting.FilterConfig::.ctor()</Name>
              <SequencePoints />
              <BranchPoints />
              <MethodPoint vc="0" uspid="35" ordinal="0" offset="0" />
            </Method>
          </Methods>
        </Class>
        <Class>
          <Summary numSequencePoints="3" visitedSequencePoints="0" numBranchPoints="1" visitedBranchPoints="0" sequenceCoverage="0" branchCoverage="0" maxCyclomaticComplexity="1" minCyclomaticComplexity="1" />
          <FullName>SolTech.Demos.UnitTesting.EmailService</FullName>
          <Methods>
            <Method visited="false" cyclomaticComplexity="1" sequenceCoverage="0" branchCoverage="0" isConstructor="false" isStatic="false" isGetter="false" isSetter="false">
              <Summary numSequencePoints="3" visitedSequencePoints="0" numBranchPoints="1" visitedBranchPoints="0" sequenceCoverage="0" branchCoverage="0" maxCyclomaticComplexity="1" minCyclomaticComplexity="1" />
              <MetadataToken>100663301</MetadataToken>
              <Name>System.Threading.Tasks.Task SolTech.Demos.UnitTesting.EmailService::SendAsync(Microsoft.AspNet.Identity.IdentityMessage)</Name>
              <FileRef uid="5" />
              <SequencePoints>
                <SequencePoint vc="0" uspid="36" ordinal="0" offset="0" sl="20" sc="9" el="20" ec="10" bec="0" bev="0" fileid="5" />
                <SequencePoint vc="0" uspid="37" ordinal="1" offset="1" sl="22" sc="13" el="22" ec="39" bec="0" bev="0" fileid="5" />
                <SequencePoint vc="0" uspid="38" ordinal="2" offset="10" sl="23" sc="9" el="23" ec="10" bec="0" bev="0" fileid="5" />
              </SequencePoints>
              <BranchPoints />
              <MethodPoint xsi:type="SequencePoint" vc="0" uspid="36" ordinal="0" offset="0" sl="20" sc="9" el="20" ec="10" bec="0" bev="0" fileid="5" />
            </Method>
            <Method visited="false" cyclomaticComplexity="1" sequenceCoverage="0" branchCoverage="0" isConstructor="true" isStatic="false" isGetter="false" isSetter="false">
              <Summary numSequencePoints="0" visitedSequencePoints="0" numBranchPoints="0" visitedBranchPoints="0" sequenceCoverage="0" branchCoverage="0" maxCyclomaticComplexity="1" minCyclomaticComplexity="1" />
              <MetadataToken>100663302</MetadataToken>
              <Name>System.Void SolTech.Demos.UnitTesting.EmailService::.ctor()</Name>
              <SequencePoints />
              <BranchPoints />
              <MethodPoint vc="0" uspid="39" ordinal="0" offset="0" />
            </Method>
          </Methods>
        </Class>
        <Class>
          <Summary numSequencePoints="3" visitedSequencePoints="0" numBranchPoints="1" visitedBranchPoints="0" sequenceCoverage="0" branchCoverage="0" maxCyclomaticComplexity="1" minCyclomaticComplexity="1" />
          <FullName>SolTech.Demos.UnitTesting.SmsService</FullName>
          <Methods>
            <Method visited="false" cyclomaticComplexity="1" sequenceCoverage="0" branchCoverage="0" isConstructor="false" isStatic="false" isGetter="false" isSetter="false">
              <Summary numSequencePoints="3" visitedSequencePoints="0" numBranchPoints="1" visitedBranchPoints="0" sequenceCoverage="0" branchCoverage="0" maxCyclomaticComplexity="1" minCyclomaticComplexity="1" />
              <MetadataToken>100663303</MetadataToken>
              <Name>System.Threading.Tasks.Task SolTech.Demos.UnitTesting.SmsService::SendAsync(Microsoft.AspNet.Identity.IdentityMessage)</Name>
              <FileRef uid="5" />
              <SequencePoints>
                <SequencePoint vc="0" uspid="40" ordinal="0" offset="0" sl="29" sc="9" el="29" ec="10" bec="0" bev="0" fileid="5" />
                <SequencePoint vc="0" uspid="41" ordinal="1" offset="1" sl="31" sc="13" el="31" ec="39" bec="0" bev="0" fileid="5" />
                <SequencePoint vc="0" uspid="42" ordinal="2" offset="10" sl="32" sc="9" el="32" ec="10" bec="0" bev="0" fileid="5" />
              </SequencePoints>
              <BranchPoints />
              <MethodPoint xsi:type="SequencePoint" vc="0" uspid="40" ordinal="0" offset="0" sl="29" sc="9" el="29" ec="10" bec="0" bev="0" fileid="5" />
            </Method>
            <Method visited="false" cyclomaticComplexity="1" sequenceCoverage="0" branchCoverage="0" isConstructor="true" isStatic="false" isGetter="false" isSetter="false">
              <Summary numSequencePoints="0" visitedSequencePoints="0" numBranchPoints="0" visitedBranchPoints="0" sequenceCoverage="0" branchCoverage="0" maxCyclomaticComplexity="1" minCyclomaticComplexity="1" />
              <MetadataToken>100663304</MetadataToken>
              <Name>System.Void SolTech.Demos.UnitTesting.SmsService::.ctor()</Name>
              <SequencePoints />
              <BranchPoints />
              <MethodPoint vc="0" uspid="43" ordinal="0" offset="0" />
            </Method>
          </Methods>
        </Class>
        <Class>
          <Summary numSequencePoints="21" visitedSequencePoints="0" numBranchPoints="4" visitedBranchPoints="0" sequenceCoverage="0" branchCoverage="0" maxCyclomaticComplexity="2" minCyclomaticComplexity="1" />
          <FullName>SolTech.Demos.UnitTesting.ApplicationUserManager</FullName>
          <Methods>
            <Method visited="false" cyclomaticComplexity="1" sequenceCoverage="0" branchCoverage="0" isConstructor="true" isStatic="false" isGetter="false" isSetter="false">
              <Summary numSequencePoints="3" visitedSequencePoints="0" numBranchPoints="1" visitedBranchPoints="0" sequenceCoverage="0" branchCoverage="0" maxCyclomaticComplexity="1" minCyclomaticComplexity="1" />
              <MetadataToken>100663305</MetadataToken>
              <Name>System.Void SolTech.Demos.UnitTesting.ApplicationUserManager::.ctor(Microsoft.AspNet.Identity.IUserStore`1&lt;SolTech.Demos.UnitTesting.Models.ApplicationUser&gt;)</Name>
              <FileRef uid="5" />
              <SequencePoints>
                <SequencePoint vc="0" uspid="44" ordinal="0" offset="0" sl="38" sc="9" el="39" ec="26" bec="0" bev="0" fileid="5" />
                <SequencePoint vc="0" uspid="45" ordinal="1" offset="8" sl="40" sc="9" el="40" ec="10" bec="0" bev="0" fileid="5" />
                <SequencePoint vc="0" uspid="46" ordinal="2" offset="9" sl="41" sc="9" el="41" ec="10" bec="0" bev="0" fileid="5" />
              </SequencePoints>
              <BranchPoints />
              <MethodPoint xsi:type="SequencePoint" vc="0" uspid="44" ordinal="0" offset="0" sl="38" sc="9" el="39" ec="26" bec="0" bev="0" fileid="5" />
            </Method>
            <Method visited="false" cyclomaticComplexity="2" sequenceCoverage="0" branchCoverage="0" isConstructor="false" isStatic="true" isGetter="false" isSetter="false">
              <Summary numSequencePoints="18" visitedSequencePoints="0" numBranchPoints="3" visitedBranchPoints="0" sequenceCoverage="0" branchCoverage="0" maxCyclomaticComplexity="2" minCyclomaticComplexity="2" />
              <MetadataToken>100663306</MetadataToken>
              <Name>SolTech.Demos.UnitTesting.ApplicationUserManager SolTech.Demos.UnitTesting.ApplicationUserManager::Create(Microsoft.AspNet.Identity.Owin.IdentityFactoryOptions`1&lt;SolTech.Demos.UnitTesting.ApplicationUserManager&gt;,Microsoft.Owin.IOwinContext)</Name>
              <FileRef uid="5" />
              <SequencePoints>
                <SequencePoint vc="0" uspid="47" ordinal="0" offset="0" sl="44" sc="9" el="44" ec="10" bec="0" bev="0" fileid="5" />
                <SequencePoint vc="0" uspid="48" ordinal="1" offset="1" sl="45" sc="13" el="45" ec="123" bec="0" bev="0" fileid="5" />
                <SequencePoint vc="0" uspid="49" ordinal="2" offset="18" sl="47" sc="13" el="51" ec="15" bec="0" bev="0" fileid="5" />
                <SequencePoint vc="0" uspid="50" ordinal="3" offset="49" sl="54" sc="13" el="61" ec="15" bec="0" bev="0" fileid="5" />
                <SequencePoint vc="0" uspid="51" ordinal="4" offset="103" sl="64" sc="13" el="64" ec="56" bec="0" bev="0" fileid="5" />
                <SequencePoint vc="0" uspid="52" ordinal="5" offset="111" sl="65" sc="13" el="65" ec="77" bec="0" bev="0" fileid="5" />
                <SequencePoint vc="0" uspid="53" ordinal="6" offset="132" sl="66" sc="13" el="66" ec="62" bec="0" bev="0" fileid="5" />
                <SequencePoint vc="0" uspid="54" ordinal="7" offset="140" sl="70" sc="13" el="73" ec="16" bec="0" bev="0" fileid="5" />
                <SequencePoint vc="0" uspid="55" ordinal="8" offset="174" sl="74" sc="13" el="78" ec="16" bec="0" bev="0" fileid="5" />
                <SequencePoint vc="0" uspid="56" ordinal="9" offset="221" sl="79" sc="13" el="79" ec="55" bec="0" bev="0" fileid="5" />
                <SequencePoint vc="0" uspid="57" ordinal="10" offset="233" sl="80" sc="13" el="80" ec="51" bec="0" bev="0" fileid="5" />
                <SequencePoint vc="0" uspid="58" ordinal="11" offset="245" sl="81" sc="13" el="81" ec="73" bec="0" bev="0" fileid="5" />
                <SequencePoint vc="0" uspid="59" ordinal="12" offset="252" sl="82" sc="13" el="82" ec="48" bec="2" bev="0" fileid="5" />
                <SequencePoint vc="0" uspid="60" ordinal="13" offset="262" sl="83" sc="13" el="83" ec="14" bec="0" bev="0" fileid="5" />
                <SequencePoint vc="0" uspid="61" ordinal="14" offset="263" sl="84" sc="17" el="85" ec="120" bec="0" bev="0" fileid="5" />
                <SequencePoint vc="0" uspid="62" ordinal="15" offset="300" sl="86" sc="13" el="86" ec="14" bec="0" bev="0" fileid="5" />
                <SequencePoint vc="0" uspid="63" ordinal="16" offset="301" sl="87" sc="13" el="87" ec="28" bec="0" bev="0" fileid="5" />
                <SequencePoint vc="0" uspid="64" ordinal="17" offset="306" sl="88" sc="9" el="88" ec="10" bec="0" bev="0" fileid="5" />
              </SequencePoints>
              <BranchPoints>
                <BranchPoint vc="0" uspid="65" ordinal="0" offset="260" sl="82" path="0" offsetend="262" fileid="5" />
                <BranchPoint vc="0" uspid="66" ordinal="1" offset="260" sl="82" path="1" offsetend="301" fileid="5" />
              </BranchPoints>
              <MethodPoint xsi:type="SequencePoint" vc="0" uspid="47" ordinal="0" offset="0" sl="44" sc="9" el="44" ec="10" bec="0" bev="0" fileid="5" />
            </Method>
          </Methods>
        </Class>
        <Class>
          <Summary numSequencePoints="9" visitedSequencePoints="0" numBranchPoints="3" visitedBranchPoints="0" sequenceCoverage="0" branchCoverage="0" maxCyclomaticComplexity="1" minCyclomaticComplexity="1" />
          <FullName>SolTech.Demos.UnitTesting.ApplicationSignInManager</FullName>
          <Methods>
            <Method visited="false" cyclomaticComplexity="1" sequenceCoverage="0" branchCoverage="0" isConstructor="true" isStatic="false" isGetter="false" isSetter="false">
              <Summary numSequencePoints="3" visitedSequencePoints="0" numBranchPoints="1" visitedBranchPoints="0" sequenceCoverage="0" branchCoverage="0" maxCyclomaticComplexity="1" minCyclomaticComplexity="1" />
              <MetadataToken>100663307</MetadataToken>
              <Name>System.Void SolTech.Demos.UnitTesting.ApplicationSignInManager::.ctor(SolTech.Demos.UnitTesting.ApplicationUserManager,Microsoft.Owin.Security.IAuthenticationManager)</Name>
              <FileRef uid="5" />
              <SequencePoints>
                <SequencePoint vc="0" uspid="67" ordinal="0" offset="0" sl="94" sc="9" el="95" ec="55" bec="0" bev="0" fileid="5" />
                <SequencePoint vc="0" uspid="68" ordinal="1" offset="9" sl="96" sc="9" el="96" ec="10" bec="0" bev="0" fileid="5" />
                <SequencePoint vc="0" uspid="69" ordinal="2" offset="10" sl="97" sc="9" el="97" ec="10" bec="0" bev="0" fileid="5" />
              </SequencePoints>
              <BranchPoints />
              <MethodPoint xsi:type="SequencePoint" vc="0" uspid="67" ordinal="0" offset="0" sl="94" sc="9" el="95" ec="55" bec="0" bev="0" fileid="5" />
            </Method>
            <Method visited="false" cyclomaticComplexity="1" sequenceCoverage="0" branchCoverage="0" isConstructor="false" isStatic="false" isGetter="false" isSetter="false">
              <Summary numSequencePoints="3" visitedSequencePoints="0" numBranchPoints="1" visitedBranchPoints="0" sequenceCoverage="0" branchCoverage="0" maxCyclomaticComplexity="1" minCyclomaticComplexity="1" />
              <MetadataToken>100663308</MetadataToken>
              <Name>System.Threading.Tasks.Task`1&lt;System.Security.Claims.ClaimsIdentity&gt; SolTech.Demos.UnitTesting.ApplicationSignInManager::CreateUserIdentityAsync(SolTech.Demos.UnitTesting.Models.ApplicationUser)</Name>
              <FileRef uid="5" />
              <SequencePoints>
                <SequencePoint vc="0" uspid="70" ordinal="0" offset="0" sl="100" sc="9" el="100" ec="10" bec="0" bev="0" fileid="5" />
                <SequencePoint vc="0" uspid="71" ordinal="1" offset="1" sl="101" sc="13" el="101" ec="88" bec="0" bev="0" fileid="5" />
                <SequencePoint vc="0" uspid="72" ordinal="2" offset="21" sl="102" sc="9" el="102" ec="10" bec="0" bev="0" fileid="5" />
              </SequencePoints>
              <BranchPoints />
              <MethodPoint xsi:type="SequencePoint" vc="0" uspid="70" ordinal="0" offset="0" sl="100" sc="9" el="100" ec="10" bec="0" bev="0" fileid="5" />
            </Method>
            <Method visited="false" cyclomaticComplexity="1" sequenceCoverage="0" branchCoverage="0" isConstructor="false" isStatic="true" isGetter="false" isSetter="false">
              <Summary numSequencePoints="3" visitedSequencePoints="0" numBranchPoints="1" visitedBranchPoints="0" sequenceCoverage="0" branchCoverage="0" maxCyclomaticComplexity="1" minCyclomaticComplexity="1" />
              <MetadataToken>100663309</MetadataToken>
              <Name>SolTech.Demos.UnitTesting.ApplicationSignInManager SolTech.Demos.UnitTesting.ApplicationSignInManager::Create(Microsoft.AspNet.Identity.Owin.IdentityFactoryOptions`1&lt;SolTech.Demos.UnitTesting.ApplicationSignInManager&gt;,Microsoft.Owin.IOwinContext)</Name>
              <FileRef uid="5" />
              <SequencePoints>
                <SequencePoint vc="0" uspid="73" ordinal="0" offset="0" sl="105" sc="9" el="105" ec="10" bec="0" bev="0" fileid="5" />
                <SequencePoint vc="0" uspid="74" ordinal="1" offset="1" sl="106" sc="13" el="106" ec="123" bec="0" bev="0" fileid="5" />
                <SequencePoint vc="0" uspid="75" ordinal="2" offset="21" sl="107" sc="9" el="107" ec="10" bec="0" bev="0" fileid="5" />
              </SequencePoints>
              <BranchPoints />
              <MethodPoint xsi:type="SequencePoint" vc="0" uspid="73" ordinal="0" offset="0" sl="105" sc="9" el="105" ec="10" bec="0" bev="0" fileid="5" />
            </Method>
          </Methods>
        </Class>
        <Class>
          <Summary numSequencePoints="4" visitedSequencePoints="0" numBranchPoints="1" visitedBranchPoints="0" sequenceCoverage="0" branchCoverage="0" maxCyclomaticComplexity="1" minCyclomaticComplexity="1" />
          <FullName>SolTech.Demos.UnitTesting.RouteConfig</FullName>
          <Methods>
            <Method visited="false" cyclomaticComplexity="1" sequenceCoverage="0" branchCoverage="0" isConstructor="false" isStatic="true" isGetter="false" isSetter="false">
              <Summary numSequencePoints="4" visitedSequencePoints="0" numBranchPoints="1" visitedBranchPoints="0" sequenceCoverage="0" branchCoverage="0" maxCyclomaticComplexity="1" minCyclomaticComplexity="1" />
              <MetadataToken>100663310</MetadataToken>
              <Name>System.Void SolTech.Demos.UnitTesting.RouteConfig::RegisterRoutes(System.Web.Routing.RouteCollection)</Name>
              <FileRef uid="9" />
              <SequencePoints>
                <SequencePoint vc="0" uspid="76" ordinal="0" offset="0" sl="13" sc="9" el="13" ec="10" bec="0" bev="0" fileid="9" />
                <SequencePoint vc="0" uspid="77" ordinal="1" offset="1" sl="14" sc="13" el="14" ec="62" bec="0" bev="0" fileid="9" />
                <SequencePoint vc="0" uspid="78" ordinal="2" offset="13" sl="16" sc="13" el="20" ec="15" bec="0" bev="0" fileid="9" />
                <SequencePoint vc="0" uspid="79" ordinal="3" offset="50" sl="21" sc="9" el="21" ec="10" bec="0" bev="0" fileid="9" />
              </SequencePoints>
              <BranchPoints />
              <MethodPoint xsi:type="SequencePoint" vc="0" uspid="76" ordinal="0" offset="0" sl="13" sc="9" el="13" ec="10" bec="0" bev="0" fileid="9" />
            </Method>
            <Method visited="false" cyclomaticComplexity="1" sequenceCoverage="0" branchCoverage="0" isConstructor="true" isStatic="false" isGetter="false" isSetter="false">
              <Summary numSequencePoints="0" visitedSequencePoints="0" numBranchPoints="0" visitedBranchPoints="0" sequenceCoverage="0" branchCoverage="0" maxCyclomaticComplexity="1" minCyclomaticComplexity="1" />
              <MetadataToken>100663311</MetadataToken>
              <Name>System.Void SolTech.Demos.UnitTesting.RouteConfig::.ctor()</Name>
              <SequencePoints />
              <BranchPoints />
              <MethodPoint vc="0" uspid="80" ordinal="0" offset="0" />
            </Method>
          </Methods>
        </Class>
        <Class>
          <Summary numSequencePoints="13" visitedSequencePoints="0" numBranchPoints="5" visitedBranchPoints="0" sequenceCoverage="0" branchCoverage="0" maxCyclomaticComplexity="2" minCyclomaticComplexity="1" />
          <FullName>SolTech.Demos.UnitTesting.Startup</FullName>
          <Methods>
            <Method visited="false" cyclomaticComplexity="2" sequenceCoverage="0" branchCoverage="0" isConstructor="false" isStatic="false" isGetter="false" isSetter="false">
              <Summary numSequencePoints="9" visitedSequencePoints="0" numBranchPoints="3" visitedBranchPoints="0" sequenceCoverage="0" branchCoverage="0" maxCyclomaticComplexity="2" minCyclomaticComplexity="2" />
              <MetadataToken>100663312</MetadataToken>
              <Name>System.Void SolTech.Demos.UnitTesting.Startup::ConfigureAuth(Owin.IAppBuilder)</Name>
              <FileRef uid="10" />
              <SequencePoints>
                <SequencePoint vc="0" uspid="81" ordinal="0" offset="0" sl="16" sc="9" el="16" ec="10" bec="0" bev="0" fileid="10" />
                <SequencePoint vc="0" uspid="82" ordinal="1" offset="1" sl="18" sc="13" el="18" ec="67" bec="0" bev="0" fileid="10" />
                <SequencePoint vc="0" uspid="83" ordinal="2" offset="20" sl="19" sc="13" el="19" ec="93" bec="0" bev="0" fileid="10" />
                <SequencePoint vc="0" uspid="84" ordinal="3" offset="39" sl="20" sc="13" el="20" ec="97" bec="0" bev="0" fileid="10" />
                <SequencePoint vc="0" uspid="85" ordinal="4" offset="58" sl="25" sc="13" el="37" ec="16" bec="2" bev="0" fileid="10" />
                <SequencePoint vc="0" uspid="86" ordinal="5" offset="172" sl="38" sc="13" el="38" ec="84" bec="0" bev="0" fileid="10" />
                <SequencePoint vc="0" uspid="87" ordinal="6" offset="184" sl="41" sc="13" el="41" ec="111" bec="0" bev="0" fileid="10" />
                <SequencePoint vc="0" uspid="88" ordinal="7" offset="210" sl="46" sc="13" el="46" ec="110" bec="0" bev="0" fileid="10" />
                <SequencePoint vc="0" uspid="89" ordinal="8" offset="222" sl="66" sc="9" el="66" ec="10" bec="0" bev="0" fileid="10" />
              </SequencePoints>
              <BranchPoints>
                <BranchPoint vc="0" uspid="90" ordinal="0" offset="121" sl="25" path="0" offsetend="123" fileid="10" />
                <BranchPoint vc="0" uspid="91" ordinal="1" offset="121" sl="25" path="1" offsetend="142" fileid="10" />
              </BranchPoints>
              <MethodPoint xsi:type="SequencePoint" vc="0" uspid="81" ordinal="0" offset="0" sl="16" sc="9" el="16" ec="10" bec="0" bev="0" fileid="10" />
            </Method>
            <Method visited="false" cyclomaticComplexity="1" sequenceCoverage="0" branchCoverage="0" isConstructor="false" isStatic="false" isGetter="false" isSetter="false">
              <Summary numSequencePoints="3" visitedSequencePoints="0" numBranchPoints="1" visitedBranchPoints="0" sequenceCoverage="0" branchCoverage="0" maxCyclomaticComplexity="1" minCyclomaticComplexity="1" />
              <MetadataToken>100663313</MetadataToken>
              <Name>System.Void SolTech.Demos.UnitTesting.Startup::Configuration(Owin.IAppBuilder)</Name>
              <FileRef uid="11" />
              <SequencePoints>
                <SequencePoint vc="0" uspid="92" ordinal="0" offset="0" sl="10" sc="9" el="10" ec="10" bec="0" bev="0" fileid="11" />
                <SequencePoint vc="0" uspid="93" ordinal="1" offset="1" sl="11" sc="13" el="11" ec="32" bec="0" bev="0" fileid="11" />
                <SequencePoint vc="0" uspid="94" ordinal="2" offset="9" sl="12" sc="9" el="12" ec="10" bec="0" bev="0" fileid="11" />
              </SequencePoints>
              <BranchPoints />
              <MethodPoint xsi:type="SequencePoint" vc="0" uspid="92" ordinal="0" offset="0" sl="10" sc="9" el="10" ec="10" bec="0" bev="0" fileid="11" />
            </Method>
            <Method visited="false" cyclomaticComplexity="1" sequenceCoverage="0" branchCoverage="0" isConstructor="true" isStatic="false" isGetter="false" isSetter="false">
              <Summary numSequencePoints="0" visitedSequencePoints="0" numBranchPoints="0" visitedBranchPoints="0" sequenceCoverage="0" branchCoverage="0" maxCyclomaticComplexity="1" minCyclomaticComplexity="1" />
              <MetadataToken>100663314</MetadataToken>
              <Name>System.Void SolTech.Demos.UnitTesting.Startup::.ctor()</Name>
              <SequencePoints />
              <BranchPoints />
              <MethodPoint vc="0" uspid="95" ordinal="0" offset="0" />
            </Method>
            <Method visited="false" cyclomaticComplexity="1" sequenceCoverage="0" branchCoverage="0" isConstructor="false" isStatic="true" isGetter="false" isSetter="false">
              <Summary numSequencePoints="1" visitedSequencePoints="0" numBranchPoints="1" visitedBranchPoints="0" sequenceCoverage="0" branchCoverage="0" maxCyclomaticComplexity="1" minCyclomaticComplexity="1" />
              <MetadataToken>100663315</MetadataToken>
              <Name>System.Threading.Tasks.Task`1&lt;System.Security.Claims.ClaimsIdentity&gt; SolTech.Demos.UnitTesting.Startup::&lt;ConfigureAuth&gt;b__2(SolTech.Demos.UnitTesting.ApplicationUserManager,SolTech.Demos.UnitTesting.Models.ApplicationUser)</Name>
              <FileRef uid="10" />
              <SequencePoints>
                <SequencePoint vc="0" uspid="96" ordinal="0" offset="0" sl="35" sc="64" el="35" ec="103" bec="0" bev="0" fileid="10" />
              </SequencePoints>
              <BranchPoints />
              <MethodPoint xsi:type="SequencePoint" vc="0" uspid="96" ordinal="0" offset="0" sl="35" sc="64" el="35" ec="103" bec="0" bev="0" fileid="10" />
            </Method>
          </Methods>
        </Class>
        <Class>
          <Summary numSequencePoints="14" visitedSequencePoints="0" numBranchPoints="6" visitedBranchPoints="0" sequenceCoverage="0" branchCoverage="0" maxCyclomaticComplexity="2" minCyclomaticComplexity="1" />
          <FullName>SolTech.Demos.UnitTesting.UnityConfig</FullName>
          <Methods>
            <Method visited="false" cyclomaticComplexity="1" sequenceCoverage="0" branchCoverage="0" isConstructor="false" isStatic="true" isGetter="false" isSetter="false">
              <Summary numSequencePoints="3" visitedSequencePoints="0" numBranchPoints="1" visitedBranchPoints="0" sequenceCoverage="0" branchCoverage="0" maxCyclomaticComplexity="1" minCyclomaticComplexity="1" />
              <MetadataToken>100663316</MetadataToken>
              <Name>Microsoft.Practices.Unity.IUnityContainer SolTech.Demos.UnitTesting.UnityConfig::GetConfiguredContainer()</Name>
              <FileRef uid="12" />
              <SequencePoints>
                <SequencePoint vc="0" uspid="97" ordinal="0" offset="0" sl="24" sc="9" el="24" ec="10" bec="0" bev="0" fileid="12" />
                <SequencePoint vc="0" uspid="98" ordinal="1" offset="1" sl="25" sc="13" el="25" ec="36" bec="0" bev="0" fileid="12" />
                <SequencePoint vc="0" uspid="99" ordinal="2" offset="14" sl="26" sc="9" el="26" ec="10" bec="0" bev="0" fileid="12" />
              </SequencePoints>
              <BranchPoints />
              <MethodPoint xsi:type="SequencePoint" vc="0" uspid="97" ordinal="0" offset="0" sl="24" sc="9" el="24" ec="10" bec="0" bev="0" fileid="12" />
            </Method>
            <Method visited="false" cyclomaticComplexity="1" sequenceCoverage="0" branchCoverage="0" isConstructor="false" isStatic="true" isGetter="false" isSetter="false">
              <Summary numSequencePoints="6" visitedSequencePoints="0" numBranchPoints="1" visitedBranchPoints="0" sequenceCoverage="0" branchCoverage="0" maxCyclomaticComplexity="1" minCyclomaticComplexity="1" />
              <MetadataToken>100663317</MetadataToken>
              <Name>System.Void SolTech.Demos.UnitTesting.UnityConfig::RegisterTypes(Microsoft.Practices.Unity.IUnityContainer)</Name>
              <FileRef uid="12" />
              <SequencePoints>
                <SequencePoint vc="0" uspid="100" ordinal="0" offset="0" sl="34" sc="9" el="34" ec="10" bec="0" bev="0" fileid="12" />
                <SequencePoint vc="0" uspid="101" ordinal="1" offset="1" sl="38" sc="13" el="38" ec="65" bec="0" bev="0" fileid="12" />
                <SequencePoint vc="0" uspid="102" ordinal="2" offset="14" sl="39" sc="13" el="39" ec="79" bec="0" bev="0" fileid="12" />
                <SequencePoint vc="0" uspid="103" ordinal="3" offset="27" sl="40" sc="13" el="40" ec="65" bec="0" bev="0" fileid="12" />
                <SequencePoint vc="0" uspid="104" ordinal="4" offset="40" sl="41" sc="13" el="41" ec="69" bec="0" bev="0" fileid="12" />
                <SequencePoint vc="0" uspid="105" ordinal="5" offset="53" sl="42" sc="9" el="42" ec="10" bec="0" bev="0" fileid="12" />
              </SequencePoints>
              <BranchPoints />
              <MethodPoint xsi:type="SequencePoint" vc="0" uspid="100" ordinal="0" offset="0" sl="34" sc="9" el="34" ec="10" bec="0" bev="0" fileid="12" />
            </Method>
            <Method visited="false" cyclomaticComplexity="1" sequenceCoverage="0" branchCoverage="0" isConstructor="true" isStatic="false" isGetter="false" isSetter="false">
              <Summary numSequencePoints="0" visitedSequencePoints="0" numBranchPoints="0" visitedBranchPoints="0" sequenceCoverage="0" branchCoverage="0" maxCyclomaticComplexity="1" minCyclomaticComplexity="1" />
              <MetadataToken>100663318</MetadataToken>
              <Name>System.Void SolTech.Demos.UnitTesting.UnityConfig::.ctor()</Name>
              <SequencePoints />
              <BranchPoints />
              <MethodPoint vc="0" uspid="106" ordinal="0" offset="0" />
            </Method>
            <Method visited="false" cyclomaticComplexity="2" sequenceCoverage="0" branchCoverage="0" isConstructor="true" isStatic="true" isGetter="false" isSetter="false">
              <Summary numSequencePoints="1" visitedSequencePoints="0" numBranchPoints="3" visitedBranchPoints="0" sequenceCoverage="0" branchCoverage="0" maxCyclomaticComplexity="2" minCyclomaticComplexity="2" />
              <MetadataToken>100663319</MetadataToken>
              <Name>System.Void SolTech.Demos.UnitTesting.UnityConfig::.cctor()</Name>
              <FileRef uid="12" />
              <SequencePoints>
                <SequencePoint vc="0" uspid="107" ordinal="0" offset="0" sl="13" sc="9" el="18" ec="12" bec="2" bev="0" fileid="12" />
              </SequencePoints>
              <BranchPoints>
                <BranchPoint vc="0" uspid="108" ordinal="0" offset="5" sl="13" path="0" offsetend="7" fileid="12" />
                <BranchPoint vc="0" uspid="109" ordinal="1" offset="5" sl="13" path="1" offsetend="26" fileid="12" />
              </BranchPoints>
              <MethodPoint xsi:type="SequencePoint" vc="0" uspid="107" ordinal="0" offset="0" sl="13" sc="9" el="18" ec="12" bec="2" bev="0" fileid="12" />
            </Method>
            <Method visited="false" cyclomaticComplexity="1" sequenceCoverage="0" branchCoverage="0" isConstructor="false" isStatic="true" isGetter="false" isSetter="false">
              <Summary numSequencePoints="4" visitedSequencePoints="0" numBranchPoints="1" visitedBranchPoints="0" sequenceCoverage="0" branchCoverage="0" maxCyclomaticComplexity="1" minCyclomaticComplexity="1" />
              <MetadataToken>100663320</MetadataToken>
              <Name>Microsoft.Practices.Unity.IUnityContainer SolTech.Demos.UnitTesting.UnityConfig::&lt;.cctor&gt;b__0()</Name>
              <FileRef uid="12" />
              <SequencePoints>
                <SequencePoint vc="0" uspid="110" ordinal="0" offset="0" sl="14" sc="9" el="14" ec="10" bec="0" bev="0" fileid="12" />
                <SequencePoint vc="0" uspid="111" ordinal="1" offset="1" sl="15" sc="13" el="15" ec="50" bec="0" bev="0" fileid="12" />
                <SequencePoint vc="0" uspid="112" ordinal="2" offset="7" sl="16" sc="13" el="16" ec="38" bec="0" bev="0" fileid="12" />
                <SequencePoint vc="0" uspid="113" ordinal="3" offset="14" sl="17" sc="13" el="17" ec="30" bec="0" bev="0" fileid="12" />
              </SequencePoints>
              <BranchPoints />
              <MethodPoint xsi:type="SequencePoint" vc="0" uspid="110" ordinal="0" offset="0" sl="14" sc="9" el="14" ec="10" bec="0" bev="0" fileid="12" />
            </Method>
          </Methods>
        </Class>
        <Class>
          <Summary numSequencePoints="10" visitedSequencePoints="0" numBranchPoints="2" visitedBranchPoints="0" sequenceCoverage="0" branchCoverage="0" maxCyclomaticComplexity="1" minCyclomaticComplexity="1" />
          <FullName>SolTech.Demos.UnitTesting.App_Start.UnityWebActivator</FullName>
          <Methods>
            <Method visited="false" cyclomaticComplexity="1" sequenceCoverage="0" branchCoverage="0" isConstructor="false" isStatic="true" isGetter="false" isSetter="false">
              <Summary numSequencePoints="6" visitedSequencePoints="0" numBranchPoints="1" visitedBranchPoints="0" sequenceCoverage="0" branchCoverage="0" maxCyclomaticComplexity="1" minCyclomaticComplexity="1" />
              <MetadataToken>100663321</MetadataToken>
              <Name>System.Void SolTech.Demos.UnitTesting.App_Start.UnityWebActivator::Start()</Name>
              <FileRef uid="13" />
              <SequencePoints>
                <SequencePoint vc="0" uspid="114" ordinal="0" offset="0" sl="15" sc="9" el="15" ec="10" bec="0" bev="0" fileid="13" />
                <SequencePoint vc="0" uspid="115" ordinal="1" offset="1" sl="16" sc="13" el="16" ec="66" bec="0" bev="0" fileid="13" />
                <SequencePoint vc="0" uspid="116" ordinal="2" offset="7" sl="18" sc="13" el="18" ec="121" bec="0" bev="0" fileid="13" />
                <SequencePoint vc="0" uspid="117" ordinal="3" offset="33" sl="19" sc="13" el="19" ec="94" bec="0" bev="0" fileid="13" />
                <SequencePoint vc="0" uspid="118" ordinal="4" offset="50" sl="21" sc="13" el="21" ec="84" bec="0" bev="0" fileid="13" />
                <SequencePoint vc="0" uspid="119" ordinal="5" offset="62" sl="25" sc="9" el="25" ec="10" bec="0" bev="0" fileid="13" />
              </SequencePoints>
              <BranchPoints />
              <MethodPoint xsi:type="SequencePoint" vc="0" uspid="114" ordinal="0" offset="0" sl="15" sc="9" el="15" ec="10" bec="0" bev="0" fileid="13" />
            </Method>
            <Method visited="false" cyclomaticComplexity="1" sequenceCoverage="0" branchCoverage="0" isConstructor="false" isStatic="true" isGetter="false" isSetter="false">
              <Summary numSequencePoints="4" visitedSequencePoints="0" numBranchPoints="1" visitedBranchPoints="0" sequenceCoverage="0" branchCoverage="0" maxCyclomaticComplexity="1" minCyclomaticComplexity="1" />
              <MetadataToken>100663322</MetadataToken>
              <Name>System.Void SolTech.Demos.UnitTesting.App_Start.UnityWebActivator::Shutdown()</Name>
              <FileRef uid="13" />
              <SequencePoints>
                <SequencePoint vc="0" uspid="120" ordinal="0" offset="0" sl="29" sc="9" el="29" ec="10" bec="0" bev="0" fileid="13" />
                <SequencePoint vc="0" uspid="121" ordinal="1" offset="1" sl="30" sc="13" el="30" ec="66" bec="0" bev="0" fileid="13" />
                <SequencePoint vc="0" uspid="122" ordinal="2" offset="7" sl="31" sc="13" el="31" ec="33" bec="0" bev="0" fileid="13" />
                <SequencePoint vc="0" uspid="123" ordinal="3" offset="14" sl="32" sc="9" el="32" ec="10" bec="0" bev="0" fileid="13" />
              </SequencePoints>
              <BranchPoints />
              <MethodPoint xsi:type="SequencePoint" vc="0" uspid="120" ordinal="0" offset="0" sl="29" sc="9" el="29" ec="10" bec="0" bev="0" fileid="13" />
            </Method>
          </Methods>
        </Class>
        <Class>
          <Summary numSequencePoints="38" visitedSequencePoints="21" numBranchPoints="15" visitedBranchPoints="7" sequenceCoverage="55.26" branchCoverage="46.67" maxCyclomaticComplexity="2" minCyclomaticComplexity="1" />
          <FullName>SolTech.Demos.UnitTesting.Controllers.HomeController</FullName>
          <Methods>
            <Method visited="true" cyclomaticComplexity="2" sequenceCoverage="83.33" branchCoverage="66.67" isConstructor="true" isStatic="false" isGetter="false" isSetter="false">
              <Summary numSequencePoints="6" visitedSequencePoints="5" numBranchPoints="3" visitedBranchPoints="2" sequenceCoverage="83.33" branchCoverage="66.67" maxCyclomaticComplexity="2" minCyclomaticComplexity="2" />
              <MetadataToken>100663323</MetadataToken>
              <Name>System.Void SolTech.Demos.UnitTesting.Controllers.HomeController::.ctor(SolTech.Demos.UnitTesting.IMyObjectLogic)</Name>
              <FileRef uid="14" />
              <SequencePoints>
                <SequencePoint vc="4" uspid="124" ordinal="0" offset="0" sl="13" sc="9" el="13" ec="60" bec="0" bev="0" fileid="14" />
                <SequencePoint vc="4" uspid="125" ordinal="1" offset="7" sl="14" sc="9" el="14" ec="10" bec="0" bev="0" fileid="14" />
                <SequencePoint vc="4" uspid="126" ordinal="2" offset="8" sl="15" sc="13" el="15" ec="39" bec="2" bev="1" fileid="14" />
                <SequencePoint vc="0" uspid="127" ordinal="3" offset="19" sl="15" sc="40" el="15" ec="89" bec="0" bev="0" fileid="14" />
                <SequencePoint vc="4" uspid="128" ordinal="4" offset="30" sl="16" sc="13" el="16" ec="44" bec="0" bev="0" fileid="14" />
                <SequencePoint vc="4" uspid="129" ordinal="5" offset="37" sl="17" sc="9" el="17" ec="10" bec="0" bev="0" fileid="14" />
              </SequencePoints>
              <BranchPoints>
                <BranchPoint vc="0" uspid="130" ordinal="0" offset="17" sl="15" path="0" offsetend="19" fileid="14" />
                <BranchPoint vc="4" uspid="131" ordinal="1" offset="17" sl="15" path="1" offsetend="30" fileid="14" />
              </BranchPoints>
              <MethodPoint xsi:type="SequencePoint" vc="4" uspid="124" ordinal="0" offset="0" sl="13" sc="9" el="13" ec="60" bec="0" bev="0" fileid="14" />
            </Method>
            <Method visited="true" cyclomaticComplexity="1" sequenceCoverage="100" branchCoverage="100" isConstructor="false" isStatic="false" isGetter="false" isSetter="false">
              <Summary numSequencePoints="3" visitedSequencePoints="3" numBranchPoints="1" visitedBranchPoints="1" sequenceCoverage="100" branchCoverage="100" maxCyclomaticComplexity="1" minCyclomaticComplexity="1" />
              <MetadataToken>100663324</MetadataToken>
              <Name>System.Web.Mvc.ActionResult SolTech.Demos.UnitTesting.Controllers.HomeController::Index()</Name>
              <FileRef uid="14" />
              <SequencePoints>
                <SequencePoint vc="1" uspid="132" ordinal="0" offset="0" sl="21" sc="9" el="21" ec="10" bec="0" bev="0" fileid="14" />
                <SequencePoint vc="1" uspid="133" ordinal="1" offset="1" sl="22" sc="13" el="22" ec="57" bec="0" bev="0" fileid="14" />
                <SequencePoint vc="1" uspid="134" ordinal="2" offset="21" sl="23" sc="9" el="23" ec="10" bec="0" bev="0" fileid="14" />
              </SequencePoints>
              <BranchPoints />
              <MethodPoint xsi:type="SequencePoint" vc="1" uspid="132" ordinal="0" offset="0" sl="21" sc="9" el="21" ec="10" bec="0" bev="0" fileid="14" />
            </Method>
            <Method visited="true" cyclomaticComplexity="1" sequenceCoverage="100" branchCoverage="100" isConstructor="false" isStatic="false" isGetter="false" isSetter="false">
              <Summary numSequencePoints="3" visitedSequencePoints="3" numBranchPoints="1" visitedBranchPoints="1" sequenceCoverage="100" branchCoverage="100" maxCyclomaticComplexity="1" minCyclomaticComplexity="1" />
              <MetadataToken>100663325</MetadataToken>
              <Name>System.Web.Mvc.PartialViewResult SolTech.Demos.UnitTesting.Controllers.HomeController::Add()</Name>
              <FileRef uid="14" />
              <SequencePoints>
                <SequencePoint vc="1" uspid="135" ordinal="0" offset="0" sl="26" sc="9" el="26" ec="10" bec="0" bev="0" fileid="14" />
                <SequencePoint vc="1" uspid="136" ordinal="1" offset="1" sl="27" sc="13" el="27" ec="118" bec="0" bev="0" fileid="14" />
                <SequencePoint vc="1" uspid="137" ordinal="2" offset="49" sl="28" sc="9" el="28" ec="10" bec="0" bev="0" fileid="14" />
              </SequencePoints>
              <BranchPoints />
              <MethodPoint xsi:type="SequencePoint" vc="1" uspid="135" ordinal="0" offset="0" sl="26" sc="9" el="26" ec="10" bec="0" bev="0" fileid="14" />
            </Method>
            <Method visited="true" cyclomaticComplexity="2" sequenceCoverage="71.43" branchCoverage="100" isConstructor="false" isStatic="false" isGetter="false" isSetter="false">
              <Summary numSequencePoints="14" visitedSequencePoints="10" numBranchPoints="3" visitedBranchPoints="3" sequenceCoverage="71.43" branchCoverage="100" maxCyclomaticComplexity="2" minCyclomaticComplexity="2" />
              <MetadataToken>100663326</MetadataToken>
              <Name>System.Web.Mvc.PartialViewResult SolTech.Demos.UnitTesting.Controllers.HomeController::_AddObjectForm(SolTech.Demos.UnitTesting.AddMyObjectModel)</Name>
              <FileRef uid="14" />
              <SequencePoints>
                <SequencePoint vc="2" uspid="138" ordinal="0" offset="0" sl="32" sc="9" el="32" ec="10" bec="0" bev="0" fileid="14" />
                <SequencePoint vc="2" uspid="139" ordinal="1" offset="1" sl="33" sc="13" el="33" ec="36" bec="2" bev="2" fileid="14" />
                <SequencePoint vc="1" uspid="140" ordinal="2" offset="21" sl="34" sc="13" el="34" ec="14" bec="0" bev="0" fileid="14" />
                <SequencePoint vc="1" uspid="141" ordinal="3" offset="22" sl="35" sc="17" el="35" ec="107" bec="0" bev="0" fileid="14" />
                <SequencePoint vc="1" uspid="142" ordinal="4" offset="69" sl="37" sc="17" el="37" ec="18" bec="0" bev="0" fileid="14" />
                <SequencePoint vc="1" uspid="143" ordinal="5" offset="70" sl="38" sc="21" el="38" ec="58" bec="0" bev="0" fileid="14" />
                <SequencePoint vc="1" uspid="144" ordinal="6" offset="83" sl="39" sc="17" el="39" ec="18" bec="0" bev="0" fileid="14" />
                <SequencePoint vc="0" uspid="145" ordinal="7" offset="86" sl="40" sc="17" el="40" ec="36" bec="0" bev="0" fileid="14" />
                <SequencePoint vc="0" uspid="146" ordinal="8" offset="87" sl="41" sc="17" el="41" ec="18" bec="0" bev="0" fileid="14" />
                <SequencePoint vc="0" uspid="147" ordinal="9" offset="88" sl="42" sc="21" el="42" ec="63" bec="0" bev="0" fileid="14" />
                <SequencePoint vc="0" uspid="148" ordinal="10" offset="106" sl="43" sc="17" el="43" ec="18" bec="0" bev="0" fileid="14" />
                <SequencePoint vc="1" uspid="149" ordinal="11" offset="110" sl="44" sc="13" el="44" ec="14" bec="0" bev="0" fileid="14" />
                <SequencePoint vc="2" uspid="150" ordinal="12" offset="111" sl="45" sc="13" el="45" ec="39" bec="0" bev="0" fileid="14" />
                <SequencePoint vc="2" uspid="151" ordinal="13" offset="121" sl="46" sc="9" el="46" ec="10" bec="0" bev="0" fileid="14" />
              </SequencePoints>
              <BranchPoints>
                <BranchPoint vc="1" uspid="152" ordinal="0" offset="19" sl="33" path="0" offsetend="21" fileid="14" />
                <BranchPoint vc="1" uspid="153" ordinal="1" offset="19" sl="33" path="1" offsetend="111" fileid="14" />
              </BranchPoints>
              <MethodPoint xsi:type="SequencePoint" vc="2" uspid="138" ordinal="0" offset="0" sl="32" sc="9" el="32" ec="10" bec="0" bev="0" fileid="14" />
            </Method>
            <Method visited="false" cyclomaticComplexity="1" sequenceCoverage="0" branchCoverage="0" isConstructor="false" isStatic="false" isGetter="false" isSetter="false">
              <Summary numSequencePoints="4" visitedSequencePoints="0" numBranchPoints="1" visitedBranchPoints="0" sequenceCoverage="0" branchCoverage="0" maxCyclomaticComplexity="1" minCyclomaticComplexity="1" />
              <MetadataToken>100663327</MetadataToken>
              <Name>System.Web.Mvc.JsonResult SolTech.Demos.UnitTesting.Controllers.HomeController::Delete(System.Guid)</Name>
              <FileRef uid="14" />
              <SequencePoints>
                <SequencePoint vc="0" uspid="154" ordinal="0" offset="0" sl="49" sc="9" el="49" ec="10" bec="0" bev="0" fileid="14" />
                <SequencePoint vc="0" uspid="155" ordinal="1" offset="1" sl="50" sc="13" el="50" ec="47" bec="0" bev="0" fileid="14" />
                <SequencePoint vc="0" uspid="156" ordinal="2" offset="14" sl="51" sc="13" el="51" ec="49" bec="0" bev="0" fileid="14" />
                <SequencePoint vc="0" uspid="157" ordinal="3" offset="29" sl="52" sc="9" el="52" ec="10" bec="0" bev="0" fileid="14" />
              </SequencePoints>
              <BranchPoints />
              <MethodPoint xsi:type="SequencePoint" vc="0" uspid="154" ordinal="0" offset="0" sl="49" sc="9" el="49" ec="10" bec="0" bev="0" fileid="14" />
            </Method>
            <Method visited="false" cyclomaticComplexity="2" sequenceCoverage="0" branchCoverage="0" isConstructor="false" isStatic="false" isGetter="false" isSetter="false">
              <Summary numSequencePoints="4" visitedSequencePoints="0" numBranchPoints="3" visitedBranchPoints="0" sequenceCoverage="0" branchCoverage="0" maxCyclomaticComplexity="2" minCyclomaticComplexity="2" />
              <MetadataToken>100663328</MetadataToken>
              <Name>System.Web.Mvc.ActionResult SolTech.Demos.UnitTesting.Controllers.HomeController::About()</Name>
              <FileRef uid="14" />
              <SequencePoints>
                <SequencePoint vc="0" uspid="158" ordinal="0" offset="0" sl="55" sc="9" el="55" ec="10" bec="0" bev="0" fileid="14" />
                <SequencePoint vc="0" uspid="159" ordinal="1" offset="1" sl="56" sc="13" el="56" ec="68" bec="2" bev="0" fileid="14" />
                <SequencePoint vc="0" uspid="160" ordinal="2" offset="101" sl="58" sc="13" el="58" ec="27" bec="0" bev="0" fileid="14" />
                <SequencePoint vc="0" uspid="161" ordinal="3" offset="110" sl="59" sc="9" el="59" ec="10" bec="0" bev="0" fileid="14" />
              </SequencePoints>
              <BranchPoints>
                <BranchPoint vc="0" uspid="162" ordinal="0" offset="6" sl="56" path="0" offsetend="8" fileid="14" />
                <BranchPoint vc="0" uspid="163" ordinal="1" offset="6" sl="56" path="1" offsetend="69" fileid="14" />
              </BranchPoints>
              <MethodPoint xsi:type="SequencePoint" vc="0" uspid="158" ordinal="0" offset="0" sl="55" sc="9" el="55" ec="10" bec="0" bev="0" fileid="14" />
            </Method>
            <Method visited="false" cyclomaticComplexity="2" sequenceCoverage="0" branchCoverage="0" isConstructor="false" isStatic="false" isGetter="false" isSetter="false">
              <Summary numSequencePoints="4" visitedSequencePoints="0" numBranchPoints="3" visitedBranchPoints="0" sequenceCoverage="0" branchCoverage="0" maxCyclomaticComplexity="2" minCyclomaticComplexity="2" />
              <MetadataToken>100663329</MetadataToken>
              <Name>System.Web.Mvc.ActionResult SolTech.Demos.UnitTesting.Controllers.HomeController::Contact()</Name>
              <FileRef uid="14" />
              <SequencePoints>
                <SequencePoint vc="0" uspid="164" ordinal="0" offset="0" sl="62" sc="9" el="62" ec="10" bec="0" bev="0" fileid="14" />
                <SequencePoint vc="0" uspid="165" ordinal="1" offset="1" sl="63" sc="13" el="63" ec="52" bec="2" bev="0" fileid="14" />
                <SequencePoint vc="0" uspid="166" ordinal="2" offset="101" sl="65" sc="13" el="65" ec="27" bec="0" bev="0" fileid="14" />
                <SequencePoint vc="0" uspid="167" ordinal="3" offset="110" sl="66" sc="9" el="66" ec="10" bec="0" bev="0" fileid="14" />
              </SequencePoints>
              <BranchPoints>
                <BranchPoint vc="0" uspid="168" ordinal="0" offset="6" sl="63" path="0" offsetend="8" fileid="14" />
                <BranchPoint vc="0" uspid="169" ordinal="1" offset="6" sl="63" path="1" offsetend="69" fileid="14" />
              </BranchPoints>
              <MethodPoint xsi:type="SequencePoint" vc="0" uspid="164" ordinal="0" offset="0" sl="62" sc="9" el="62" ec="10" bec="0" bev="0" fileid="14" />
            </Method>
          </Methods>
        </Class>
        <Class>
          <Summary numSequencePoints="0" visitedSequencePoints="0" numBranchPoints="0" visitedBranchPoints="0" sequenceCoverage="0" branchCoverage="0" maxCyclomaticComplexity="0" minCyclomaticComplexity="0" />
          <FullName>SolTech.Demos.UnitTesting.Controllers.HomeController/&lt;About&gt;o__SiteContainer2</FullName>
          <Methods />
        </Class>
        <Class>
          <Summary numSequencePoints="0" visitedSequencePoints="0" numBranchPoints="0" visitedBranchPoints="0" sequenceCoverage="0" branchCoverage="0" maxCyclomaticComplexity="0" minCyclomaticComplexity="0" />
          <FullName>SolTech.Demos.UnitTesting.Controllers.HomeController/&lt;Contact&gt;o__SiteContainer4</FullName>
          <Methods />
        </Class>
        <Class>
          <Summary numSequencePoints="6" visitedSequencePoints="0" numBranchPoints="1" visitedBranchPoints="0" sequenceCoverage="0" branchCoverage="0" maxCyclomaticComplexity="1" minCyclomaticComplexity="1" />
          <FullName>SolTech.Demos.UnitTesting.MvcApplication</FullName>
          <Methods>
            <Method visited="false" cyclomaticComplexity="1" sequenceCoverage="0" branchCoverage="0" isConstructor="false" isStatic="false" isGetter="false" isSetter="false">
              <Summary numSequencePoints="6" visitedSequencePoints="0" numBranchPoints="1" visitedBranchPoints="0" sequenceCoverage="0" branchCoverage="0" maxCyclomaticComplexity="1" minCyclomaticComplexity="1" />
              <MetadataToken>100663330</MetadataToken>
              <Name>System.Void SolTech.Demos.UnitTesting.MvcApplication::Application_Start()</Name>
              <FileRef uid="15" />
              <SequencePoints>
                <SequencePoint vc="0" uspid="170" ordinal="0" offset="0" sl="14" sc="9" el="14" ec="10" bec="0" bev="0" fileid="15" />
                <SequencePoint vc="0" uspid="171" ordinal="1" offset="1" sl="15" sc="13" el="15" ec="49" bec="0" bev="0" fileid="15" />
                <SequencePoint vc="0" uspid="172" ordinal="2" offset="7" sl="16" sc="13" el="16" ec="71" bec="0" bev="0" fileid="15" />
                <SequencePoint vc="0" uspid="173" ordinal="3" offset="18" sl="17" sc="13" el="17" ec="59" bec="0" bev="0" fileid="15" />
                <SequencePoint vc="0" uspid="174" ordinal="4" offset="29" sl="18" sc="13" el="18" ec="63" bec="0" bev="0" fileid="15" />
                <SequencePoint vc="0" uspid="175" ordinal="5" offset="40" sl="19" sc="9" el="19" ec="10" bec="0" bev="0" fileid="15" />
              </SequencePoints>
              <BranchPoints />
              <MethodPoint xsi:type="SequencePoint" vc="0" uspid="170" ordinal="0" offset="0" sl="14" sc="9" el="14" ec="10" bec="0" bev="0" fileid="15" />
            </Method>
            <Method visited="false" cyclomaticComplexity="1" sequenceCoverage="0" branchCoverage="0" isConstructor="true" isStatic="false" isGetter="false" isSetter="false">
              <Summary numSequencePoints="0" visitedSequencePoints="0" numBranchPoints="0" visitedBranchPoints="0" sequenceCoverage="0" branchCoverage="0" maxCyclomaticComplexity="1" minCyclomaticComplexity="1" />
              <MetadataToken>100663331</MetadataToken>
              <Name>System.Void SolTech.Demos.UnitTesting.MvcApplication::.ctor()</Name>
              <SequencePoints />
              <BranchPoints />
              <MethodPoint vc="0" uspid="176" ordinal="0" offset="0" />
            </Method>
          </Methods>
        </Class>
        <Class>
          <Summary numSequencePoints="0" visitedSequencePoints="0" numBranchPoints="0" visitedBranchPoints="0" sequenceCoverage="0" branchCoverage="0" maxCyclomaticComplexity="1" minCyclomaticComplexity="1" />
          <FullName>SolTech.Demos.UnitTesting.Models.ExternalLoginConfirmationViewModel</FullName>
          <Methods>
            <Method visited="false" cyclomaticComplexity="1" sequenceCoverage="0" branchCoverage="0" isConstructor="false" isStatic="false" isGetter="true" isSetter="false">
              <Summary numSequencePoints="0" visitedSequencePoints="0" numBranchPoints="0" visitedBranchPoints="0" sequenceCoverage="0" branchCoverage="0" maxCyclomaticComplexity="1" minCyclomaticComplexity="1" />
              <MetadataToken>100663332</MetadataToken>
              <Name>System.String SolTech.Demos.UnitTesting.Models.ExternalLoginConfirmationViewModel::get_Email()</Name>
              <SequencePoints />
              <BranchPoints />
              <MethodPoint vc="0" uspid="177" ordinal="0" offset="0" />
            </Method>
            <Method visited="false" cyclomaticComplexity="1" sequenceCoverage="0" branchCoverage="0" isConstructor="false" isStatic="false" isGetter="false" isSetter="true">
              <Summary numSequencePoints="0" visitedSequencePoints="0" numBranchPoints="0" visitedBranchPoints="0" sequenceCoverage="0" branchCoverage="0" maxCyclomaticComplexity="1" minCyclomaticComplexity="1" />
              <MetadataToken>100663333</MetadataToken>
              <Name>System.Void SolTech.Demos.UnitTesting.Models.ExternalLoginConfirmationViewModel::set_Email(System.String)</Name>
              <SequencePoints />
              <BranchPoints />
              <MethodPoint vc="0" uspid="178" ordinal="0" offset="0" />
            </Method>
            <Method visited="false" cyclomaticComplexity="1" sequenceCoverage="0" branchCoverage="0" isConstructor="true" isStatic="false" isGetter="false" isSetter="false">
              <Summary numSequencePoints="0" visitedSequencePoints="0" numBranchPoints="0" visitedBranchPoints="0" sequenceCoverage="0" branchCoverage="0" maxCyclomaticComplexity="1" minCyclomaticComplexity="1" />
              <MetadataToken>100663334</MetadataToken>
              <Name>System.Void SolTech.Demos.UnitTesting.Models.ExternalLoginConfirmationViewModel::.ctor()</Name>
              <SequencePoints />
              <BranchPoints />
              <MethodPoint vc="0" uspid="179" ordinal="0" offset="0" />
            </Method>
          </Methods>
        </Class>
        <Class>
          <Summary numSequencePoints="0" visitedSequencePoints="0" numBranchPoints="0" visitedBranchPoints="0" sequenceCoverage="0" branchCoverage="0" maxCyclomaticComplexity="1" minCyclomaticComplexity="1" />
          <FullName>SolTech.Demos.UnitTesting.Models.ExternalLoginListViewModel</FullName>
          <Methods>
            <Method visited="false" cyclomaticComplexity="1" sequenceCoverage="0" branchCoverage="0" isConstructor="false" isStatic="false" isGetter="true" isSetter="false">
              <Summary numSequencePoints="0" visitedSequencePoints="0" numBranchPoints="0" visitedBranchPoints="0" sequenceCoverage="0" branchCoverage="0" maxCyclomaticComplexity="1" minCyclomaticComplexity="1" />
              <MetadataToken>100663335</MetadataToken>
              <Name>System.String SolTech.Demos.UnitTesting.Models.ExternalLoginListViewModel::get_ReturnUrl()</Name>
              <SequencePoints />
              <BranchPoints />
              <MethodPoint vc="0" uspid="180" ordinal="0" offset="0" />
            </Method>
            <Method visited="false" cyclomaticComplexity="1" sequenceCoverage="0" branchCoverage="0" isConstructor="false" isStatic="false" isGetter="false" isSetter="true">
              <Summary numSequencePoints="0" visitedSequencePoints="0" numBranchPoints="0" visitedBranchPoints="0" sequenceCoverage="0" branchCoverage="0" maxCyclomaticComplexity="1" minCyclomaticComplexity="1" />
              <MetadataToken>100663336</MetadataToken>
              <Name>System.Void SolTech.Demos.UnitTesting.Models.ExternalLoginListViewModel::set_ReturnUrl(System.String)</Name>
              <SequencePoints />
              <BranchPoints />
              <MethodPoint vc="0" uspid="181" ordinal="0" offset="0" />
            </Method>
[...]
              <MetadataToken>100663450</MetadataToken>
              <Name>System.Int32 &lt;&gt;f__AnonymousType0`3::GetHashCode()</Name>
              <SequencePoints />
              <BranchPoints />
              <MethodPoint vc="0" uspid="311" ordinal="0" offset="0" />
            </Method>
          </Methods>
        </Class>
        <Class>
          <Summary numSequencePoints="0" visitedSequencePoints="0" numBranchPoints="0" visitedBranchPoints="0" sequenceCoverage="0" branchCoverage="0" maxCyclomaticComplexity="2" minCyclomaticComplexity="1" />
          <FullName>&lt;&gt;f__AnonymousType1`1</FullName>
          <Methods>
            <Method visited="false" cyclomaticComplexity="1" sequenceCoverage="0" branchCoverage="0" isConstructor="false" isStatic="false" isGetter="true" isSetter="false">
              <Summary numSequencePoints="0" visitedSequencePoints="0" numBranchPoints="0" visitedBranchPoints="0" sequenceCoverage="0" branchCoverage="0" maxCyclomaticComplexity="1" minCyclomaticComplexity="1" />
              <MetadataToken>100663452</MetadataToken>
              <Name>&lt;success&gt;j__TPar &lt;&gt;f__AnonymousType1`1::get_success()</Name>
              <SequencePoints />
              <BranchPoints />
              <MethodPoint vc="0" uspid="312" ordinal="0" offset="0" />
            </Method>
            <Method visited="false" cyclomaticComplexity="1" sequenceCoverage="0" branchCoverage="0" isConstructor="true" isStatic="false" isGetter="false" isSetter="false">
              <Summary numSequencePoints="0" visitedSequencePoints="0" numBranchPoints="0" visitedBranchPoints="0" sequenceCoverage="0" branchCoverage="0" maxCyclomaticComplexity="1" minCyclomaticComplexity="1" />
              <MetadataToken>100663451</MetadataToken>
              <Name>System.Void &lt;&gt;f__AnonymousType1`1::.ctor(&lt;success&gt;j__TPar)</Name>
              <SequencePoints />
              <BranchPoints />
              <MethodPoint vc="0" uspid="313" ordinal="0" offset="0" />
            </Method>
            <Method visited="false" cyclomaticComplexity="1" sequenceCoverage="0" branchCoverage="0" isConstructor="false" isStatic="false" isGetter="false" isSetter="false">
              <Summary numSequencePoints="0" visitedSequencePoints="0" numBranchPoints="0" visitedBranchPoints="0" sequenceCoverage="0" branchCoverage="0" maxCyclomaticComplexity="1" minCyclomaticComplexity="1" />
              <MetadataToken>100663453</MetadataToken>
              <Name>System.String &lt;&gt;f__AnonymousType1`1::ToString()</Name>
              <SequencePoints />
              <BranchPoints />
              <MethodPoint vc="0" uspid="314" ordinal="0" offset="0" />
            </Method>
            <Method visited="false" cyclomaticComplexity="2" sequenceCoverage="0" branchCoverage="0" isConstructor="false" isStatic="false" isGetter="false" isSetter="false">
              <Summary numSequencePoints="0" visitedSequencePoints="0" numBranchPoints="0" visitedBranchPoints="0" sequenceCoverage="0" branchCoverage="0" maxCyclomaticComplexity="2" minCyclomaticComplexity="2" />
              <MetadataToken>100663454</MetadataToken>
              <Name>System.Boolean &lt;&gt;f__AnonymousType1`1::Equals(System.Object)</Name>
              <SequencePoints />
              <BranchPoints />
              <MethodPoint vc="0" uspid="315" ordinal="0" offset="0" />
            </Method>
            <Method visited="false" cyclomaticComplexity="1" sequenceCoverage="0" branchCoverage="0" isConstructor="false" isStatic="false" isGetter="false" isSetter="false">
              <Summary numSequencePoints="0" visitedSequencePoints="0" numBranchPoints="0" visitedBranchPoints="0" sequenceCoverage="0" branchCoverage="0" maxCyclomaticComplexity="1" minCyclomaticComplexity="1" />
              <MetadataToken>100663455</MetadataToken>
              <Name>System.Int32 &lt;&gt;f__AnonymousType1`1::GetHashCode()</Name>
              <SequencePoints />
              <BranchPoints />
              <MethodPoint vc="0" uspid="316" ordinal="0" offset="0" />
            </Method>
          </Methods>
        </Class>
      </Classes>
    </Module>
    <Module skippedDueTo="Filter" hash="DE-06-5C-58-70-7C-CC-CB-DE-A5-29-E0-66-43-07-1E-96-22-26-21">
      <FullName>C:\SolTech\Lunch and Learns\Effective Unit Testing\UnitTestDemo\bin\Debug\xunit.assert.dll</FullName>
      <ModuleName>xunit.assert</ModuleName>
      <Classes />
    </Module>
    <Module hash="34-3A-14-5C-DA-F8-CE-6E-9A-82-5E-03-06-1D-0A-20-34-79-B0-E9">
      <Summary numSequencePoints="38" visitedSequencePoints="17" numBranchPoints="19" visitedBranchPoints="7" sequenceCoverage="44.74" branchCoverage="36.84" maxCyclomaticComplexity="4" minCyclomaticComplexity="1" />
      <FullName>C:\SolTech\Lunch and Learns\Effective Unit Testing\UnitTestDemo\bin\Debug\BusinessLogicLayer.dll</FullName>
      <ModuleName>BusinessLogicLayer</ModuleName>
      <Files>
        <File uid="33" fullPath="c:\SolTech\Lunch and Learns\Effective Unit Testing\UnitTestDemo\BusinessLogicLayer\MyObjectLogic.cs" />
      </Files>
      <Classes>
        <Class>
          <Summary numSequencePoints="0" visitedSequencePoints="0" numBranchPoints="0" visitedBranchPoints="0" sequenceCoverage="0" branchCoverage="0" maxCyclomaticComplexity="0" minCyclomaticComplexity="0" />
          <FullName>&lt;Module&gt;</FullName>
          <Methods />
        </Class>
        <Class>
          <Summary numSequencePoints="38" visitedSequencePoints="17" numBranchPoints="19" visitedBranchPoints="7" sequenceCoverage="44.74" branchCoverage="36.84" maxCyclomaticComplexity="4" minCyclomaticComplexity="1" />
          <FullName>SolTech.Demos.UnitTesting.MyObjectLogic</FullName>
          <Methods>
            <Method visited="true" cyclomaticComplexity="4" sequenceCoverage="75" branchCoverage="57.14" isConstructor="true" isStatic="false" isGetter="false" isSetter="false">
              <Summary numSequencePoints="12" visitedSequencePoints="9" numBranchPoints="7" visitedBranchPoints="4" sequenceCoverage="75" branchCoverage="57.14" maxCyclomaticComplexity="4" minCyclomaticComplexity="4" />
              <MetadataToken>100663297</MetadataToken>
              <Name>System.Void SolTech.Demos.UnitTesting.MyObjectLogic::.ctor(SolTech.Demos.UnitTesting.IMyObjectRepository,SolTech.Demos.UnitTesting.IMyObjectDAO,SolTech.Demos.UnitTesting.IAuditLogger)</Name>
              <FileRef uid="33" />
              <SequencePoints>
                <SequencePoint vc="4" uspid="317" ordinal="0" offset="0" sl="16" sc="9" el="16" ec="100" bec="0" bev="0" fileid="33" />
                <SequencePoint vc="4" uspid="318" ordinal="1" offset="7" sl="17" sc="9" el="17" ec="10" bec="0" bev="0" fileid="33" />
                <SequencePoint vc="4" uspid="319" ordinal="2" offset="8" sl="18" sc="13" el="18" ec="36" bec="2" bev="1" fileid="33" />
                <SequencePoint vc="0" uspid="320" ordinal="3" offset="19" sl="18" sc="37" el="18" ec="83" bec="0" bev="0" fileid="33" />
                <SequencePoint vc="4" uspid="321" ordinal="4" offset="30" sl="19" sc="13" el="19" ec="29" bec="2" bev="1" fileid="33" />
                <SequencePoint vc="0" uspid="322" ordinal="5" offset="41" sl="19" sc="30" el="19" ec="69" bec="0" bev="0" fileid="33" />
                <SequencePoint vc="4" uspid="323" ordinal="6" offset="52" sl="20" sc="13" el="20" ec="32" bec="2" bev="1" fileid="33" />
                <SequencePoint vc="0" uspid="324" ordinal="7" offset="63" sl="20" sc="33" el="20" ec="75" bec="0" bev="0" fileid="33" />
                <SequencePoint vc="4" uspid="325" ordinal="8" offset="74" sl="22" sc="13" el="22" ec="38" bec="0" bev="0" fileid="33" />
                <SequencePoint vc="4" uspid="326" ordinal="9" offset="81" sl="23" sc="13" el="23" ec="24" bec="0" bev="0" fileid="33" />
                <SequencePoint vc="4" uspid="327" ordinal="10" offset="88" sl="24" sc="13" el="24" ec="30" bec="0" bev="0" fileid="33" />
                <SequencePoint vc="4" uspid="328" ordinal="11" offset="95" sl="25" sc="9" el="25" ec="10" bec="0" bev="0" fileid="33" />
              </SequencePoints>
              <BranchPoints>
                <BranchPoint vc="0" uspid="329" ordinal="0" offset="17" sl="18" path="0" offsetend="19" fileid="33" />
                <BranchPoint vc="4" uspid="330" ordinal="1" offset="17" sl="18" path="1" offsetend="30" fileid="33" />
                <BranchPoint vc="0" uspid="331" ordinal="2" offset="39" sl="19" path="0" offsetend="41" fileid="33" />
                <BranchPoint vc="4" uspid="332" ordinal="3" offset="39" sl="19" path="1" offsetend="52" fileid="33" />
                <BranchPoint vc="0" uspid="333" ordinal="4" offset="61" sl="20" path="0" offsetend="63" fileid="33" />
                <BranchPoint vc="4" uspid="334" ordinal="5" offset="61" sl="20" path="1" offsetend="74" fileid="33" />
              </BranchPoints>
              <MethodPoint xsi:type="SequencePoint" vc="4" uspid="317" ordinal="0" offset="0" sl="16" sc="9" el="16" ec="100" bec="0" bev="0" fileid="33" />
            </Method>
            <Method visited="true" cyclomaticComplexity="2" sequenceCoverage="100" branchCoverage="100" isConstructor="false" isStatic="false" isGetter="false" isSetter="false">
              <Summary numSequencePoints="8" visitedSequencePoints="8" numBranchPoints="3" visitedBranchPoints="3" sequenceCoverage="100" branchCoverage="100" maxCyclomaticComplexity="2" minCyclomaticComplexity="2" />
              <MetadataToken>100663298</MetadataToken>
              <Name>System.Void SolTech.Demos.UnitTesting.MyObjectLogic::AddMyObject(SolTech.Demos.UnitTesting.MyObject)</Name>
              <FileRef uid="33" />
              <SequencePoints>
                <SequencePoint vc="4" uspid="335" ordinal="0" offset="0" sl="28" sc="9" el="28" ec="10" bec="0" bev="0" fileid="33" />
                <SequencePoint vc="4" uspid="336" ordinal="1" offset="1" sl="29" sc="13" el="29" ec="30" bec="2" bev="2" fileid="33" />
                <SequencePoint vc="1" uspid="337" ordinal="2" offset="12" sl="29" sc="31" el="29" ec="71" bec="0" bev="0" fileid="33" />
                <SequencePoint vc="3" uspid="338" ordinal="3" offset="23" sl="31" sc="13" el="31" ec="41" bec="0" bev="0" fileid="33" />
                <SequencePoint vc="3" uspid="339" ordinal="4" offset="35" sl="32" sc="13" el="32" ec="73" bec="0" bev="0" fileid="33" />
                <SequencePoint vc="2" uspid="340" ordinal="5" offset="48" sl="34" sc="13" el="34" ec="53" bec="0" bev="0" fileid="33" />
                <SequencePoint vc="2" uspid="341" ordinal="6" offset="87" sl="35" sc="13" el="35" ec="35" bec="0" bev="0" fileid="33" />
                <SequencePoint vc="2" uspid="342" ordinal="7" offset="100" sl="36" sc="9" el="36" ec="10" bec="0" bev="0" fileid="33" />
              </SequencePoints>
              <BranchPoints>
                <BranchPoint vc="1" uspid="343" ordinal="0" offset="10" sl="29" path="0" offsetend="12" fileid="33" />
                <BranchPoint vc="3" uspid="344" ordinal="1" offset="10" sl="29" path="1" offsetend="23" fileid="33" />
              </BranchPoints>
              <MethodPoint xsi:type="SequencePoint" vc="4" uspid="335" ordinal="0" offset="0" sl="28" sc="9" el="28" ec="10" bec="0" bev="0" fileid="33" />
            </Method>
            <Method visited="false" cyclomaticComplexity="3" sequenceCoverage="0" branchCoverage="0" isConstructor="false" isStatic="false" isGetter="false" isSetter="false">
              <Summary numSequencePoints="9" visitedSequencePoints="0" numBranchPoints="5" visitedBranchPoints="0" sequenceCoverage="0" branchCoverage="0" maxCyclomaticComplexity="3" minCyclomaticComplexity="3" />
              <MetadataToken>100663299</MetadataToken>
              <Name>System.Void SolTech.Demos.UnitTesting.MyObjectLogic::UpdateMyObject(SolTech.Demos.UnitTesting.MyObject)</Name>
              <FileRef uid="33" />
              <SequencePoints>
                <SequencePoint vc="0" uspid="345" ordinal="0" offset="0" sl="39" sc="9" el="39" ec="10" bec="0" bev="0" fileid="33" />
                <SequencePoint vc="0" uspid="346" ordinal="1" offset="1" sl="40" sc="13" el="40" ec="30" bec="2" bev="0" fileid="33" />
                <SequencePoint vc="0" uspid="347" ordinal="2" offset="12" sl="40" sc="31" el="40" ec="71" bec="0" bev="0" fileid="33" />
                <SequencePoint vc="0" uspid="348" ordinal="3" offset="23" sl="41" sc="13" el="41" ec="73" bec="0" bev="0" fileid="33" />
                <SequencePoint vc="0" uspid="349" ordinal="4" offset="36" sl="43" sc="13" el="43" ec="50" bec="2" bev="0" fileid="33" />
                <SequencePoint vc="0" uspid="350" ordinal="5" offset="63" sl="43" sc="51" el="43" ec="88" bec="0" bev="0" fileid="33" />
                <SequencePoint vc="0" uspid="351" ordinal="6" offset="69" sl="45" sc="13" el="45" ec="55" bec="0" bev="0" fileid="33" />
                <SequencePoint vc="0" uspid="352" ordinal="7" offset="108" sl="46" sc="13" el="46" ec="38" bec="0" bev="0" fileid="33" />
                <SequencePoint vc="0" uspid="353" ordinal="8" offset="121" sl="47" sc="9" el="47" ec="10" bec="0" bev="0" fileid="33" />
              </SequencePoints>
              <BranchPoints>
                <BranchPoint vc="0" uspid="354" ordinal="0" offset="10" sl="40" path="0" offsetend="12" fileid="33" />
                <BranchPoint vc="0" uspid="355" ordinal="1" offset="10" sl="40" path="1" offsetend="23" fileid="33" />
                <BranchPoint vc="0" uspid="356" ordinal="2" offset="61" sl="43" path="0" offsetend="63" fileid="33" />
                <BranchPoint vc="0" uspid="357" ordinal="3" offset="61" sl="43" path="1" offsetend="69" fileid="33" />
              </BranchPoints>
              <MethodPoint xsi:type="SequencePoint" vc="0" uspid="345" ordinal="0" offset="0" sl="39" sc="9" el="39" ec="10" bec="0" bev="0" fileid="33" />
            </Method>
            <Method visited="false" cyclomaticComplexity="2" sequenceCoverage="0" branchCoverage="0" isConstructor="false" isStatic="false" isGetter="false" isSetter="false">
              <Summary numSequencePoints="6" visitedSequencePoints="0" numBranchPoints="3" visitedBranchPoints="0" sequenceCoverage="0" branchCoverage="0" maxCyclomaticComplexity="2" minCyclomaticComplexity="2" />
              <MetadataToken>100663300</MetadataToken>
              <Name>System.Void SolTech.Demos.UnitTesting.MyObjectLogic::DeleteMyObject(System.Guid)</Name>
              <FileRef uid="33" />
              <SequencePoints>
                <SequencePoint vc="0" uspid="358" ordinal="0" offset="0" sl="50" sc="9" el="50" ec="10" bec="0" bev="0" fileid="33" />
                <SequencePoint vc="0" uspid="359" ordinal="1" offset="1" sl="51" sc="13" el="51" ec="45" bec="2" bev="0" fileid="33" />
                <SequencePoint vc="0" uspid="360" ordinal="2" offset="23" sl="51" sc="46" el="51" ec="83" bec="0" bev="0" fileid="33" />
                <SequencePoint vc="0" uspid="361" ordinal="3" offset="29" sl="52" sc="13" el="52" ec="50" bec="0" bev="0" fileid="33" />
                <SequencePoint vc="0" uspid="362" ordinal="4" offset="63" sl="53" sc="13" el="53" ec="36" bec="0" bev="0" fileid="33" />
                <SequencePoint vc="0" uspid="363" ordinal="5" offset="76" sl="54" sc="9" el="54" ec="10" bec="0" bev="0" fileid="33" />
              </SequencePoints>
              <BranchPoints>
                <BranchPoint vc="0" uspid="364" ordinal="0" offset="21" sl="51" path="0" offsetend="23" fileid="33" />
                <BranchPoint vc="0" uspid="365" ordinal="1" offset="21" sl="51" path="1" offsetend="29" fileid="33" />
              </BranchPoints>
              <MethodPoint xsi:type="SequencePoint" vc="0" uspid="358" ordinal="0" offset="0" sl="50" sc="9" el="50" ec="10" bec="0" bev="0" fileid="33" />
            </Method>
            <Method visited="false" cyclomaticComplexity="1" sequenceCoverage="0" branchCoverage="0" isConstructor="false" isStatic="false" isGetter="false" isSetter="false">
              <Summary numSequencePoints="3" visitedSequencePoints="0" numBranchPoints="1" visitedBranchPoints="0" sequenceCoverage="0" branchCoverage="0" maxCyclomaticComplexity="1" minCyclomaticComplexity="1" />
              <MetadataToken>100663301</MetadataToken>
              <Name>System.Collections.Generic.IEnumerable`1&lt;SolTech.Demos.UnitTesting.MyObject&gt; SolTech.Demos.UnitTesting.MyObjectLogic::ListMyObjects()</Name>
              <FileRef uid="33" />
              <SequencePoints>
                <SequencePoint vc="0" uspid="366" ordinal="0" offset="0" sl="57" sc="9" el="57" ec="10" bec="0" bev="0" fileid="33" />
                <SequencePoint vc="0" uspid="367" ordinal="1" offset="1" sl="58" sc="13" el="58" ec="32" bec="0" bev="0" fileid="33" />
                <SequencePoint vc="0" uspid="368" ordinal="2" offset="15" sl="59" sc="9" el="59" ec="10" bec="0" bev="0" fileid="33" />
              </SequencePoints>
              <BranchPoints />
              <MethodPoint xsi:type="SequencePoint" vc="0" uspid="366" ordinal="0" offset="0" sl="57" sc="9" el="57" ec="10" bec="0" bev="0" fileid="33" />
            </Method>
          </Methods>
        </Class>
      </Classes>
    </Module>
    <Module skippedDueTo="Filter" hash="0D-DE-6F-C2-02-10-FA-41-F8-20-D1-9C-F7-00-54-BC-61-0A-F7-2F">
      <FullName>C:\SolTech\Lunch and Learns\Effective Unit Testing\UnitTestDemo\bin\Debug\System.Web.Mvc.dll</FullName>
      <ModuleName>System.Web.Mvc</ModuleName>
      <Classes />
    </Module>
    <Module skippedDueTo="Filter" hash="B6-60-CE-70-25-03-8E-12-F0-FF-EB-DA-C8-94-AA-A9-02-DE-71-07">
      <FullName>C:\WINDOWS\Microsoft.Net\assembly\GAC_MSIL\System.Configuration\v4.0_4.0.0.0__b03f5f7f11d50a3a\System.Configuration.dll</FullName>
      <ModuleName>System.Configuration</ModuleName>
      <Classes />
    </Module>
    <Module skippedDueTo="Filter" hash="2C-B8-8B-0E-27-14-38-8E-71-A5-1D-A0-EE-33-D9-22-5F-A4-AF-79">
      <FullName>C:\WINDOWS\Microsoft.Net\assembly\GAC_MSIL\System.Xml\v4.0_4.0.0.0__b77a5c561934e089\System.Xml.dll</FullName>
      <ModuleName>System.Xml</ModuleName>
      <Classes />
    </Module>
    <Module skippedDueTo="MissingPdb" hash="">
      <FullName>RefEmit_InMemoryManifestModule</FullName>
      <ModuleName>Anonymously Hosted DynamicMethods Assembly</ModuleName>
      <Classes />
    </Module>
    <Module skippedDueTo="MissingPdb" hash="">
      <FullName>RefEmit_InMemoryManifestModule</FullName>
      <ModuleName>DynamicProxyGenAssembly2</ModuleName>
      <Classes />
    </Module>
    <Module skippedDueTo="MissingPdb" hash="">
      <FullName>RefEmit_InMemoryManifestModule</FullName>
      <ModuleName>DynamicProxyGenAssembly2</ModuleName>
      <Classes />
    </Module>
    <Module skippedDueTo="Filter" hash="A0-EF-61-A3-E0-AA-4F-02-A5-74-1C-C7-2D-F5-57-D4-F9-D4-9B-36">
      <FullName>C:\WINDOWS\Microsoft.Net\assembly\GAC_64\System.Web\v4.0_4.0.0.0__b03f5f7f11d50a3a\System.Web.dll</FullName>
      <ModuleName>System.Web</ModuleName>
      <Classes />
    </Module>
    <Module skippedDueTo="Filter" hash="D0-E9-28-FA-2D-D0-E6-BA-3D-E2-DC-A1-B9-DF-E2-B4-5E-53-F6-77">
      <FullName>C:\SolTech\Lunch and Learns\Effective Unit Testing\UnitTestDemo\bin\Debug\System.Web.WebPages.dll</FullName>
      <ModuleName>System.Web.WebPages</ModuleName>
      <Classes />
    </Module>
    <Module skippedDueTo="Filter" hash="EC-FF-9D-4B-0C-AE-7A-3C-63-A6-9E-91-68-0A-BA-A4-D2-4E-03-EE">
      <FullName>C:\WINDOWS\Microsoft.Net\assembly\GAC_MSIL\System.Reflection\v4.0_4.0.0.0__b03f5f7f11d50a3a\System.Reflection.dll</FullName>
      <ModuleName>System.Reflection</ModuleName>
      <Classes />
    </Module>
  </Modules>
</CoverageSession>